[2021-12-02 19:30:25]	link failed !, exit code: 1
  at unify_builder.Program.Main (System.String[] args) [0x012cd] in <881485cd164b4f5a918f957d29d55652>:0 

[2021-12-02 19:31:02]	[done]
	build successfully !

[2022-01-16 20:25:46]	[done]
	build successfully !

[2022-01-16 20:26:29]	[done]
	build successfully !

[2022-01-16 20:51:45]	compilation failed at : "h:\AllProject\EIDE\ritter mcu\src\start.S", exit code: 1
  at unify_builder.Program.Main (System.String[] args) [0x01851] in <bd848165df964d26b51d3d1ad263c7b0>:0 
---
./src/start.S: Assembler messages:
./src/start.S:8: Error: unrecognized opcode `org 0x80'

[2022-01-16 20:55:01]	[done]
	build successfully !

[2022-01-16 20:55:25]	[done]
	build successfully !

[2022-01-16 20:55:39]	[done]
	build successfully !

[2022-01-16 21:08:57]	[done]
	build successfully !

[2022-01-16 21:49:36]	[done]
	build successfully !

[2022-01-16 22:39:05]	[done]
	build successfully !

[2022-01-16 22:40:01]	[done]
	build successfully !

[2022-01-16 22:40:41]	[done]
	build successfully !

[2022-01-16 22:41:35]	[done]
	build successfully !

[2022-01-16 22:41:45]	[done]
	build successfully !

[2022-01-16 22:41:53]	[done]
	build successfully !

[2022-01-16 22:42:16]	[done]
	build successfully !

[2022-01-16 22:53:55]	[done]
	build successfully !

[2022-01-16 22:54:12]	[done]
	build successfully !

[2022-01-16 22:55:51]	[done]
	build successfully !

[2022-01-20 22:30:00]	[done]
	build successfully !

[2022-01-20 23:37:09]	[done]
	build successfully !

[2022-01-20 23:38:43]	compilation failed at : "h:\AllProject\EIDE\ritter mcu\src\start.S", exit code: 1
  at unify_builder.Program.Main (System.String[] args) [0x01851] in <bd848165df964d26b51d3d1ad263c7b0>:0 
---
./src/start.S: Assembler messages:
./src/start.S:12: Error: illegal operands `jalr x1,_start'

[2022-01-20 23:39:07]	[done]
	build successfully !

[2022-01-21 19:24:52]	[done]
	build successfully !

[2022-01-21 19:55:19]	compilation failed at : "h:\AllProject\EIDE\ritter mcu\src\start.S", exit code: 1
  at unify_builder.Program.Main (System.String[] args) [0x01851] in <bd848165df964d26b51d3d1ad263c7b0>:0 
---
./src/start.S: Assembler messages:
./src/start.S:12: Error: illegal operands `addi x1,123'

[2022-01-21 19:55:29]	compilation failed at : "h:\AllProject\EIDE\ritter mcu\src\start.S", exit code: 1
  at unify_builder.Program.Main (System.String[] args) [0x01851] in <bd848165df964d26b51d3d1ad263c7b0>:0 
---
./src/start.S: Assembler messages:
./src/start.S:12: Error: illegal operands `addi x1,,x1,123'

[2022-01-21 19:55:37]	compilation failed at : "h:\AllProject\EIDE\ritter mcu\src\start.S", exit code: 1
  at unify_builder.Program.Main (System.String[] args) [0x01851] in <bd848165df964d26b51d3d1ad263c7b0>:0 
---
./src/start.S: Assembler messages:
./src/start.S:12: Error: illegal operands `addi x1,,(123)x1'

[2022-01-21 19:55:42]	compilation failed at : "h:\AllProject\EIDE\ritter mcu\src\start.S", exit code: 1
  at unify_builder.Program.Main (System.String[] args) [0x01851] in <bd848165df964d26b51d3d1ad263c7b0>:0 
---
./src/start.S: Assembler messages:
./src/start.S:12: Error: illegal operands `addi x1,(123)x1'

[2022-01-21 19:55:50]	compilation failed at : "h:\AllProject\EIDE\ritter mcu\src\start.S", exit code: 1
  at unify_builder.Program.Main (System.String[] args) [0x01851] in <bd848165df964d26b51d3d1ad263c7b0>:0 
---
./src/start.S: Assembler messages:
./src/start.S:12: Error: illegal operands `addi x1,x1(123)'

[2022-01-21 19:56:14]	[done]
	build successfully !

[2022-01-21 19:57:07]	[done]
	build successfully !

[2022-01-21 19:57:24]	[done]
	build successfully !

[2022-01-21 19:57:35]	[done]
	build successfully !

[2022-01-21 20:36:36]	[done]
	build successfully !

[2022-01-21 20:56:07]	compilation failed at : "h:\AllProject\EIDE\ritter mcu\src\start.S", exit code: 1
  at unify_builder.Program.Main (System.String[] args) [0x01851] in <bd848165df964d26b51d3d1ad263c7b0>:0 
---
./src/start.S: Assembler messages:
./src/start.S:17: Error: illegal operands `addi x3,x3,x1'

[2022-01-21 20:56:14]	[done]
	build successfully !

[2022-01-21 20:58:59]	[done]
	build successfully !

[2022-01-21 21:17:24]	[done]
	build successfully !

[2022-01-21 21:21:37]	[done]
	build successfully !

[2022-01-21 21:36:49]	[done]
	build successfully !

[2022-01-21 21:37:04]	[done]
	build successfully !

[2022-01-21 21:37:31]	[done]
	build successfully !

[2022-01-21 21:40:18]	[done]
	build successfully !

[2022-01-21 21:40:30]	[done]
	build successfully !

[2022-01-21 21:40:34]	[done]
	build successfully !

[2022-01-21 21:41:57]	[done]
	build successfully !

[2022-01-21 21:42:29]	[done]
	build successfully !

[2022-01-21 21:42:46]	[done]
	build successfully !

[2022-01-21 21:42:57]	[done]
	build successfully !

[2022-01-21 21:44:06]	[done]
	build successfully !

[2022-01-21 21:44:22]	[done]
	build successfully !

[2022-01-21 21:44:39]	[done]
	build successfully !

[2022-01-21 21:50:12]	[done]
	build successfully !

[2022-01-21 21:50:23]	[done]
	build successfully !

[2022-01-21 21:52:11]	[done]
	build successfully !

[2022-01-21 21:52:27]	[done]
	build successfully !

[2022-01-21 21:53:21]	[done]
	build successfully !

[2022-01-21 21:53:54]	[done]
	build successfully !

[2022-01-21 21:55:04]	[done]
	build successfully !

[2022-01-21 21:57:01]	[done]
	build successfully !

[2022-01-21 21:57:27]	[done]
	build successfully !

[2022-01-21 21:57:47]	[done]
	build successfully !

[2022-01-21 21:58:08]	[done]
	build successfully !

[2022-01-21 21:58:17]	[done]
	build successfully !

[2022-01-21 22:00:24]	[done]
	build successfully !

[2022-01-21 22:03:11]	[done]
	build successfully !

[2022-01-21 22:04:55]	[done]
	build successfully !

[2022-01-21 22:05:01]	[done]
	build successfully !

[2022-01-21 22:05:52]	[done]
	build successfully !

[2022-01-21 22:06:10]	[done]
	build successfully !

[2022-01-21 22:11:30]	[done]
	build successfully !

[2022-01-21 22:12:27]	[done]
	build successfully !

[2022-01-21 22:17:59]	[done]
	build successfully !

[2022-01-21 23:50:00]	[done]
	build successfully !

[2022-01-22 20:48:38]	compilation failed at : "h:\AllProject\EIDE\ritter mcu\src\start.S", exit code: 1
  at unify_builder.Program.Main (System.String[] args) [0x01851] in <bd848165df964d26b51d3d1ad263c7b0>:0 
---
./src/start.S: Assembler messages:
./src/start.S:14: Error: unrecognized opcode `ld x4,123(x0)'

[2022-01-22 20:48:50]	[done]
	build successfully !

[2022-01-22 20:52:53]	[done]
	build successfully !

[2022-01-22 20:57:04]	[done]
	build successfully !

[2022-01-22 21:03:59]	[done]
	build successfully !

[2022-01-22 21:30:10]	[done]
	build successfully !

[2022-01-22 21:30:37]	[done]
	build successfully !

[2022-01-22 21:37:11]	[done]
	build successfully !

[2022-01-22 21:50:50]	[done]
	build successfully !

[2022-01-22 21:54:39]	[done]
	build successfully !

[2022-01-22 21:54:49]	[done]
	build successfully !

[2022-01-22 21:57:28]	[done]
	build successfully !

[2022-01-22 22:01:53]	[done]
	build successfully !

[2022-01-22 22:02:39]	[done]
	build successfully !

[2022-01-22 22:08:13]	[done]
	build successfully !

[2022-01-22 22:12:46]	[done]
	build successfully !

[2022-01-22 22:12:52]	[done]
	build successfully !

[2022-01-22 22:13:08]	[done]
	build successfully !

[2022-01-22 22:13:22]	[done]
	build successfully !

[2022-01-22 22:13:37]	[done]
	build successfully !

[2022-01-22 22:31:10]	[done]
	build successfully !

[2022-01-22 23:51:05]	compilation failed at : "h:\AllProject\EIDE\ritter mcu\src\start.S", exit code: 1
  at unify_builder.Program.Main (System.String[] args) [0x01851] in <bd848165df964d26b51d3d1ad263c7b0>:0 
---
./src/start.S: Assembler messages:
./src/start.S:12: Error: illegal operands `li sp 1024'

[2022-01-22 23:51:11]	[done]
	build successfully !

[2022-01-22 23:52:44]	[done]
	build successfully !

[2022-01-22 23:53:33]	[done]
	build successfully !

[2022-01-22 23:53:52]	[done]
	build successfully !

[2022-01-22 23:54:39]	compilation failed at : "h:\AllProject\EIDE\ritter mcu\src\start.S", exit code: 1
  at unify_builder.Program.Main (System.String[] args) [0x01851] in <bd848165df964d26b51d3d1ad263c7b0>:0 
---
./src/start.S: Assembler messages:
./src/start.S:15: Error: unrecognized opcode `j.'

[2022-01-22 23:54:43]	[done]
	build successfully !

[2022-01-22 23:56:44]	[done]
	build successfully !

[2022-01-23 00:05:45]	[done]
	build successfully !

[2022-01-23 00:15:00]	[done]
	build successfully !

[2022-01-23 00:15:22]	[done]
	build successfully !

[2022-01-23 00:16:20]	[done]
	build successfully !

[2022-01-23 00:17:09]	[done]
	build successfully !

[2022-01-23 00:34:11]	[done]
	build successfully !

[2022-01-23 00:35:46]	[done]
	build successfully !

[2022-01-23 00:36:12]	[done]
	build successfully !

[2022-01-23 00:36:59]	[done]
	build successfully !

[2022-01-23 00:37:19]	[done]
	build successfully !

[2022-01-23 00:39:14]	compilation failed at : "h:\AllProject\EIDE\ritter mcu\src\start.S", exit code: 1
  at unify_builder.Program.Main (System.String[] args) [0x01851] in <bd848165df964d26b51d3d1ad263c7b0>:0 
---
./src/start.S: Assembler messages:
./src/start.S:31: Warning: missing operand; zero assumed
./src/start.S:33: Warning: missing operand; zero assumed
./src/start.S:31: Error: invalid operands (*ABS* and .init sections) for `<'
./src/start.S:33: Error: invalid operands (*ABS* and .init sections) for `<'

[2022-01-23 00:39:30]	[done]
	build successfully !

[2022-01-23 00:40:06]	[done]
	build successfully !

[2022-01-23 23:18:11]	[done]
	build successfully !

[2022-01-23 23:19:21]	[done]
	build successfully !

[2022-01-23 23:20:01]	[done]
	build successfully !

[2022-01-23 23:20:09]	[done]
	build successfully !

[2022-01-23 23:21:41]	[done]
	build successfully !

[2022-01-23 23:24:01]	[done]
	build successfully !

[2022-01-24 21:03:35]	[done]
	build successfully !

[2022-01-24 21:16:49]	[done]
	build successfully !

[2022-01-24 21:22:53]	[done]
	build successfully !

[2022-01-24 21:27:39]	[done]
	build successfully !

[2022-01-24 21:33:36]	[done]
	build successfully !

[2022-01-24 21:33:49]	[done]
	build successfully !

[2022-01-24 21:33:59]	[done]
	build successfully !

[2022-01-24 21:34:20]	[done]
	build successfully !

[2022-01-28 00:01:09]	[done]
	build successfully !

[2022-01-28 00:02:31]	[done]
	build successfully !

[2022-01-28 00:03:59]	[done]
	build successfully !

[2022-01-28 00:16:14]	[done]
	build successfully !

[2022-01-28 19:29:47]	[done]
	build successfully !

[2022-01-28 19:30:54]	[done]
	build successfully !

[2022-01-28 19:36:47]	[done]
	build successfully !

[2022-01-28 19:42:47]	[done]
	build successfully !

[2022-01-28 19:44:32]	[done]
	build successfully !

[2022-01-28 19:46:05]	link failed !, exit code: 1
  at unify_builder.Program.Main (System.String[] args) [0x01a1e] in <67d11e1b30504dd6babd321425698ba1>:0 
---
Memory region         Used Size  Region Size  %age Used
           flash:          20 B       100 KB      0.02%
e:/program files (x86)/normal-riscv-none-gcc-8.2.0-2.2-20190521-0004-win64/bin/../lib/gcc/riscv-none-embed/8.2.0/../../../../riscv-none-embed/bin/ld.exe: ./build/Debug/src/start.o: in function `.L0 ':
h:\AllProject\EIDE\ritter mcu/./src/start.S:14: undefined reference to `factorial'
collect2.exe: error: ld returned 1 exit status
             ram:        512 KB       512 KB    100.00%


[2022-01-28 19:46:13]	[done]
	build successfully !

[2022-01-28 19:47:28]	compilation failed at : "h:\AllProject\EIDE\ritter mcu\src\start.S", exit code: 1
  at unify_builder.Program.Main (System.String[] args) [0x0187a] in <67d11e1b30504dd6babd321425698ba1>:0 
---
./src/start.S: Assembler messages:
./src/start.S:13: Error: illegal operands `li a0,2.33'
./src/start.S:14: Error: illegal operands `li a1,0.34'

[2022-01-28 19:49:25]	compilation failed at : "h:\AllProject\EIDE\ritter mcu\src\start.S", exit code: 1
  at unify_builder.Program.Main (System.String[] args) [0x0187a] in <67d11e1b30504dd6babd321425698ba1>:0 
---
./src/start.S: Assembler messages:
./src/start.S:18: Error: junk at end of line, first unrecognized character is `.'

[2022-01-28 19:51:56]	[done]
	build successfully !

[2022-01-28 19:52:18]	[done]
	build successfully !

[2022-01-28 19:52:58]	[done]
	build successfully !

[2022-01-28 19:59:48]	[done]
	build successfully !

[2022-01-28 20:03:10]	[done]
	build successfully !

[2022-01-28 20:09:36]	link failed !, exit code: 1
  at unify_builder.Program.Main (System.String[] args) [0x01a1e] in <67d11e1b30504dd6babd321425698ba1>:0 
---
e:/program files (x86)/normal-riscv-none-gcc-8.2.0-2.2-20190521-0004-win64/bin/../lib/gcc/riscv-none-embed/8.2.0/../../../../riscv-none-embed/bin/ld.exe: ./build/Debug/src/start.o: in function `.L0 ':
h:\AllProject\EIDE\ritter mcu/./src/start.S:41: undefined reference to `_init'
e:/program files (x86)/normal-riscv-none-gcc-8.2.0-2.2-20190521-0004-win64/bin/../lib/gcc/riscv-none-embed/8.2.0/../../../../riscv-none-embed/bin/ld.exe: h:\AllProject\EIDE\ritter mcu/./src/start.S:42: undefined reference to `main'
collect2.exe: error: ld returned 1 exit status
Memory region         Used Size  Region Size  %age Used
           flash:         116 B        10 KB      1.13%
             ram:         20 KB        20 KB    100.00%


[2022-01-28 20:10:03]	[done]
	build successfully !

[2022-01-28 20:17:46]	[done]
	build successfully !

[2022-01-28 20:19:53]	compilation failed at : "h:\AllProject\EIDE\ritter mcu\src\start.S", exit code: 1
  at unify_builder.Program.Main (System.String[] args) [0x0187a] in <67d11e1b30504dd6babd321425698ba1>:0 
---
./src/start.S: Assembler messages:
./src/start.S:48: Error: illegal operands `li x26,a0'

[2022-01-28 20:20:01]	[done]
	build successfully !

[2022-01-28 20:23:31]	[done]
	build successfully !

[2022-01-28 20:24:22]	[done]
	build successfully !

[2022-01-28 20:27:48]	[done]
	build successfully !

[2022-01-28 20:34:15]	[done]
	build successfully !

[2022-01-28 20:39:52]	[done]
	build successfully !

[2022-01-28 20:41:26]	[done]
	build successfully !

[2022-01-28 20:43:31]	[done]
	build successfully !

[2022-01-28 20:44:51]	[done]
	build successfully !

[2022-01-28 20:46:03]	[done]
	build successfully !

[2022-01-28 20:47:13]	compilation failed at : "h:\AllProject\EIDE\ritter mcu\src\main.c", exit code: 1
  at unify_builder.Program.Main (System.String[] args) [0x0187a] in <67d11e1b30504dd6babd321425698ba1>:0 
---
./src/main.c:12:7: warning: return type of 'main' is not 'int' [-Wmain]
 float main() {
       ^~~~
./src/main.c: In function 'main':
./src/main.c:35:27: error: 'sun' undeclared (first use in this function); did you mean 'sum'?
         matrix_c[0][0] += sun;
                           ^~~
                           sum
./src/main.c:35:27: note: each undeclared identifier is reported only once for each function it appears in
./src/main.c:31:12: warning: unused variable 'j' [-Wunused-variable]
     int i, j, k;
            ^
./src/main.c:31:9: warning: unused variable 'i' [-Wunused-variable]
     int i, j, k;
         ^

[2022-01-28 20:47:21]	[done]
	build successfully !

[2022-01-28 20:48:45]	[done]
	build successfully !

[2022-01-28 20:51:05]	compilation failed at : "h:\AllProject\EIDE\ritter mcu\src\main.c", exit code: 1
  at unify_builder.Program.Main (System.String[] args) [0x0187a] in <67d11e1b30504dd6babd321425698ba1>:0 
---
./src/main.c:12:7: warning: return type of 'main' is not 'int' [-Wmain]
 float main() {
       ^~~~
./src/main.c: In function 'main':
./src/main.c:33:12: error: 'matrix_c' undeclared (first use in this function); did you mean 'matrix_b'?
     return matrix_c[0][0];
            ^~~~~~~~
            matrix_b
./src/main.c:33:12: note: each undeclared identifier is reported only once for each function it appears in
./src/main.c:19:11: warning: unused variable 'matrix_b' [-Wunused-variable]
     float matrix_b[4][4] = {
           ^~~~~~~~
./src/main.c:34:1: warning: control reaches end of non-void function [-Wreturn-type]
 }
 ^

[2022-01-28 20:51:14]	[done]
	build successfully !

[2022-01-28 20:52:10]	[done]
	build successfully !

[2022-01-28 20:53:27]	[done]
	build successfully !

[2022-01-28 20:54:39]	[done]
	build successfully !

[2022-01-28 22:59:14]	compilation failed at : "h:\AllProject\EIDE\ritter mcu\src\main.c", exit code: 1
  at unify_builder.Program.Main (System.String[] args) [0x0187a] in <67d11e1b30504dd6babd321425698ba1>:0 
---
./src/main.c:12:7: warning: return type of 'main' is not 'int' [-Wmain]
 float main() {
       ^~~~
./src/main.c: In function 'main':
./src/main.c:34:9: error: redeclaration of 'i' with no linkage
     int i = 10;
         ^
./src/main.c:26:9: note: previous declaration of 'i' was here
     int i, k;
         ^

[2022-01-28 22:59:35]	[done]
	build successfully !

[2022-01-28 23:08:19]	[done]
	build successfully !

[2022-01-28 23:08:56]	[done]
	build successfully !

[2022-01-28 23:09:43]	[done]
	build successfully !

[2022-01-28 23:21:41]	[done]
	build successfully !

[2022-01-28 23:22:00]	[done]
	build successfully !

[2022-01-28 23:22:16]	[done]
	build successfully !

[2022-01-28 23:22:28]	[done]
	build successfully !

[2022-01-28 23:23:22]	compilation failed at : "h:\AllProject\EIDE\ritter mcu\src\start.S", exit code: 1
  at unify_builder.Program.Main (System.String[] args) [0x0187a] in <67d11e1b30504dd6babd321425698ba1>:0 
---
./src/start.S: Assembler messages:
./src/start.S:13: Error: illegal operands `li x1 0x05060708'

[2022-01-28 23:23:28]	[done]
	build successfully !

[2022-01-28 23:23:50]	[done]
	build successfully !

[2022-01-28 23:24:19]	compilation failed at : "h:\AllProject\EIDE\ritter mcu\src\start.S", exit code: 1
  at unify_builder.Program.Main (System.String[] args) [0x0187a] in <67d11e1b30504dd6babd321425698ba1>:0 
---
./src/start.S: Assembler messages:
./src/start.S:16: Error: unrecognized opcode `lhw x3,3(x0)'

[2022-01-28 23:24:27]	[done]
	build successfully !

[2022-01-29 00:10:26]	[done]
	build successfully !

[2022-01-29 00:16:16]	[done]
	build successfully !

[2022-01-29 00:19:16]	[done]
	build successfully !

[2022-01-29 00:20:02]	[done]
	build successfully !

[2022-01-29 00:20:08]	[done]
	build successfully !

[2022-01-29 00:22:11]	[done]
	build successfully !

[2022-01-29 00:22:47]	[done]
	build successfully !

[2022-01-29 00:25:05]	[done]
	build successfully !

[2022-01-29 00:26:08]	[done]
	build successfully !

[2022-01-29 00:26:14]	[done]
	build successfully !

[2022-01-29 00:26:59]	[done]
	build successfully !

[2022-01-29 00:27:20]	[done]
	build successfully !

[2022-01-29 00:28:45]	[done]
	build successfully !

[2022-01-29 22:40:12]	[done]
	build successfully !

[2022-01-29 22:50:10]	[done]
	build successfully !

[2022-01-29 22:50:36]	[done]
	build successfully !

[2022-01-29 22:51:19]	[done]
	build successfully !

[2022-01-29 22:52:38]	[done]
	build successfully !

[2022-01-29 22:53:36]	[done]
	build successfully !

[2022-01-29 22:53:57]	[done]
	build successfully !

[2022-01-29 22:57:29]	[done]
	build successfully !

[2022-01-29 23:03:59]	[done]
	build successfully !

[2022-01-29 23:04:42]	[done]
	build successfully !

[2022-01-29 23:05:25]	[done]
	build successfully !

[2022-01-29 23:05:31]	[done]
	build successfully !

[2022-01-29 23:06:13]	[done]
	build successfully !

[2022-01-29 23:11:27]	[done]
	build successfully !

[2022-01-29 23:11:37]	[done]
	build successfully !

[2022-01-29 23:11:53]	[done]
	build successfully !

[2022-01-29 23:15:30]	[done]
	build successfully !

[2022-01-29 23:27:10]	[done]
	build successfully !

[2022-01-29 23:27:32]	[done]
	build successfully !

[2022-01-29 23:39:35]	[done]
	build successfully !

[2022-01-29 23:41:23]	[done]
	build successfully !

[2022-01-29 23:41:59]	[done]
	build successfully !

[2022-01-29 23:42:36]	[done]
	build successfully !

[2022-01-29 23:47:42]	[done]
	build successfully !

[2022-01-29 23:47:48]	[done]
	build successfully !

[2022-01-29 23:49:40]	[done]
	build successfully !

[2022-01-30 00:00:31]	[done]
	build successfully !

[2022-01-30 00:01:58]	[done]
	build successfully !

[2022-01-30 00:04:51]	[done]
	build successfully !

[2022-01-30 00:05:54]	[done]
	build successfully !

[2022-01-30 00:54:28]	compilation failed at : "h:\AllProject\EIDE\ritter mcu\src\main.c", exit code: 1
  at unify_builder.Program.Main (System.String[] args) [0x0187a] in <67d11e1b30504dd6babd321425698ba1>:0 
---
./src/main.c: In function 'main':
./src/main.c:13:17: warning: initialization of 'int *' from 'int' makes pointer from integer without a cast [-Wint-conversion]
     int* ptr1 = 5 * 1024;
                 ^
./src/main.c:14:17: warning: initialization of 'int *' from 'int' makes pointer from integer without a cast [-Wint-conversion]
     int* ptr2 = 6 * 1024;
                 ^
./src/main.c:16:9: error: 'ptr' undeclared (first use in this function); did you mean 'ptr2'?
         ptr[i] = i+1;
         ^~~
         ptr2
./src/main.c:16:9: note: each undeclared identifier is reported only once for each function it appears in
./src/main.c:19:5: warning: implicit declaration of function 'memcpy' [-Wimplicit-function-declaration]
     memcpy(ptr1, ptr2, 1024);
     ^~~~~~
./src/main.c:19:5: warning: incompatible implicit declaration of built-in function 'memcpy'
./src/main.c:19:5: note: include '<string.h>' or provide a declaration of 'memcpy'
./src/main.c:1:1:
+#include <string.h>
./src/main.c:19:5:
     memcpy(ptr1, ptr2, 1024);
     ^~~~~~

[2022-01-30 00:54:44]	[done]
	build successfully !

[2022-01-30 00:55:29]	[done]
	build successfully !

[2022-01-30 00:59:12]	[done]
	build successfully !

[2022-01-30 01:01:35]	link failed !, exit code: 1
  at unify_builder.Program.Main (System.String[] args) [0x01a1e] in <67d11e1b30504dd6babd321425698ba1>:0 
---
Memory region         Used Size  Region Size  %age Used
           flash:          16 B        10 KB      0.16%
e:/program files (x86)/normal-riscv-none-gcc-8.2.0-2.2-20190521-0004-win64/bin/../lib/gcc/riscv-none-embed/8.2.0/../../../../riscv-none-embed/bin/ld.exe: ./build/Debug/src/start.o: in function `.L0 ':
h:\AllProject\EIDE\ritter mcu/./src/start.S:10: undefined reference to `zero'
collect2.exe: error: ld returned 1 exit status
             ram:         20 KB        20 KB    100.00%


[2022-01-30 01:01:41]	compilation failed at : "h:\AllProject\EIDE\ritter mcu\src\start.S", exit code: 1
  at unify_builder.Program.Main (System.String[] args) [0x0187a] in <67d11e1b30504dd6babd321425698ba1>:0 
---
./src/start.S: Assembler messages:
./src/start.S:10: Error: illegal operands `lw x1,0'

[2022-01-30 01:01:43]	[done]
	build successfully !

[2022-01-30 01:02:11]	[done]
	build successfully !

[2022-01-30 01:02:52]	[done]
	build successfully !

[2022-01-30 01:04:19]	[done]
	build successfully !

[2022-01-30 01:06:16]	[done]
	build successfully !

[2022-01-30 01:06:56]	[done]
	build successfully !

[2022-01-30 01:07:09]	[done]
	build successfully !

[2022-01-30 01:10:04]	[done]
	build successfully !

[2022-01-30 01:10:47]	[done]
	build successfully !

[2022-01-30 01:11:36]	[done]
	build successfully !

[2022-01-30 01:16:32]	compilation failed at : "h:\AllProject\EIDE\ritter mcu\src\start.S", exit code: 1
  at unify_builder.Program.Main (System.String[] args) [0x0187a] in <67d11e1b30504dd6babd321425698ba1>:0 
---
./src/start.S: Assembler messages:
./src/start.S:74: Error: symbol `loop' is already defined

[2022-01-30 01:16:49]	compilation failed at : "h:\AllProject\EIDE\ritter mcu\src\start.S", exit code: 1
  at unify_builder.Program.Main (System.String[] args) [0x0187a] in <67d11e1b30504dd6babd321425698ba1>:0 
---
./src/start.S: Assembler messages:
./src/start.S:73: Error: symbol `loop' is already defined

[2022-01-30 01:16:59]	compilation failed at : "h:\AllProject\EIDE\ritter mcu\src\start.S", exit code: 1
  at unify_builder.Program.Main (System.String[] args) [0x0187a] in <67d11e1b30504dd6babd321425698ba1>:0 
---
./src/start.S: Assembler messages:
./src/start.S:74: Error: symbol `loop' is already defined

[2022-01-30 01:17:10]	[done]
	build successfully !

[2022-01-30 01:18:54]	[done]
	build successfully !

[2022-01-30 01:19:51]	[done]
	build successfully !

[2022-01-30 01:27:24]	[done]
	build successfully !

[2022-01-30 01:28:24]	[done]
	build successfully !

[2022-01-30 15:17:54]	[done]
	build successfully !

[2022-01-30 15:18:50]	[done]
	build successfully !

[2022-01-30 15:19:51]	[done]
	build successfully !

[2022-01-30 15:20:17]	[done]
	build successfully !

[2022-01-30 15:23:02]	[done]
	build successfully !

[2022-01-30 15:23:19]	[done]
	build successfully !

[2022-01-30 15:23:36]	[done]
	build successfully !

[2022-01-30 15:24:22]	[done]
	build successfully !

[2022-01-30 15:24:40]	[done]
	build successfully !

[2022-01-30 15:25:48]	[done]
	build successfully !

[2022-01-30 15:26:28]	[done]
	build successfully !

[2022-01-30 15:27:00]	[done]
	build successfully !

[2022-01-30 15:28:22]	[done]
	build successfully !

[2022-01-30 15:33:28]	[done]
	build successfully !

[2022-01-30 15:41:20]	[done]
	build successfully !

[2022-01-30 15:41:52]	[done]
	build successfully !

[2022-01-30 15:48:09]	[done]
	build successfully !

[2022-01-30 16:01:26]	[done]
	build successfully !

[2022-01-30 16:09:28]	[done]
	build successfully !

[2022-01-30 16:09:50]	[done]
	build successfully !

[2022-01-30 16:11:01]	[done]
	build successfully !

[2022-01-30 16:11:17]	[done]
	build successfully !

[2022-01-30 16:11:33]	[done]
	build successfully !

[2022-01-30 18:57:53]	[done]
	build successfully !

[2022-01-30 19:06:05]	[done]
	build successfully !

[2022-01-30 19:13:04]	[done]
	build successfully !

[2022-01-30 20:00:51]	[done]
	build successfully !

[2022-02-12 22:06:18]	[done]
	build successfully !

[2022-02-12 22:07:10]	[done]
	build successfully !

[2022-02-12 22:23:43]	[done]
	build successfully !

[2022-02-12 22:33:35]	[done]
	build successfully !

[2022-02-12 22:48:12]	[done]
	build successfully !

[2022-02-12 22:50:17]	[done]
	build successfully !

[2022-02-12 22:51:06]	[done]
	build successfully !

[2022-02-12 22:52:14]	[done]
	build successfully !

[2022-02-13 18:04:56]	[done]
	build successfully !

[2022-02-13 18:14:42]	[done]
	build successfully !

[2022-02-13 18:15:29]	[done]
	build successfully !

[2022-02-13 18:28:24]	compilation failed at : "h:\AllProject\EIDE\ritter mcu\src\main.c", exit code: 1
  at unify_builder.Program.Main (System.String[] args) [0x0187a] in <67d11e1b30504dd6babd321425698ba1>:0 
---
./src/main.c: In function 'main':
./src/main.c:11:23: error: invalid type argument of unary '*' (have 'unsigned int')
 #define usaart_write (*(0xf1000000 + 0x100))
                       ^~~~~~~~~~~~~~~~~~~~~
./src/main.c:14:5: note: in expansion of macro 'usaart_write'
     usaart_write = 0x55;
     ^~~~~~~~~~~~

[2022-02-13 18:28:45]	compilation failed at : "h:\AllProject\EIDE\ritter mcu\src\main.c", exit code: 1
  at unify_builder.Program.Main (System.String[] args) [0x0187a] in <67d11e1b30504dd6babd321425698ba1>:0 
---
./src/main.c: In function 'main':
./src/main.c:14:18: error: lvalue required as left operand of assignment
     usaart_write = 0x55;
                  ^

[2022-02-13 18:29:04]	[done]
	build successfully !

[2022-02-13 18:33:57]	[done]
	build successfully !

[2022-02-13 18:34:03]	[done]
	build successfully !

[2022-02-13 18:55:20]	[done]
	build successfully !

[2022-02-13 19:00:41]	[done]
	build successfully !

[2022-02-13 19:01:49]	[done]
	build successfully !

[2022-02-13 19:03:29]	[done]
	build successfully !

[2022-02-13 19:03:58]	[done]
	build successfully !

[2022-02-13 19:05:43]	[done]
	build successfully !

[2022-02-13 19:06:58]	[done]
	build successfully !

[2022-02-13 19:07:35]	[done]
	build successfully !

[2022-02-13 19:08:24]	[done]
	build successfully !

[2022-02-13 19:09:26]	[done]
	build successfully !

[2022-02-13 19:10:53]	[done]
	build successfully !

[2022-02-13 19:34:54]	[done]
	build successfully !

[2022-02-13 19:38:58]	[done]
	build successfully !

[2022-02-13 19:40:15]	[done]
	build successfully !

[2022-02-13 19:46:33]	[done]
	build successfully !

[2022-02-13 19:47:14]	[done]
	build successfully !

[2022-02-13 19:48:39]	[done]
	build successfully !

[2022-02-13 19:53:36]	[done]
	build successfully !

[2022-02-13 19:53:49]	[done]
	build successfully !

[2022-02-13 19:58:46]	[done]
	build successfully !

[2022-02-13 20:00:51]	[done]
	build successfully !

[2022-02-13 20:25:26]	[done]
	build successfully !

[2022-02-13 20:27:24]	[done]
	build successfully !

[2022-02-13 20:30:56]	[done]
	build successfully !

[2022-02-13 20:31:48]	[done]
	build successfully !

[2022-02-13 20:36:38]	[done]
	build successfully !

[2022-02-13 20:38:12]	[done]
	build successfully !

[2022-02-13 20:39:28]	[done]
	build successfully !

[2022-02-13 20:40:52]	[done]
	build successfully !

[2022-02-13 20:42:34]	[done]
	build successfully !

[2022-02-13 20:43:12]	[done]
	build successfully !

[2022-02-13 20:44:42]	[done]
	build successfully !

[2022-02-13 20:49:56]	compilation failed at : "h:\AllProject\EIDE\ritter mcu\src\main.c", exit code: 1
  at unify_builder.Program.Main (System.String[] args) [0x0187a] in <67d11e1b30504dd6babd321425698ba1>:0 
---
./src/main.c: In function 'main':
./src/main.c:15:27: error: expected ';' before 'for'
     sprintf(buff,"%d",123)
                           ^
                           ;
./src/main.c:17:5:
     for (int i = 0;buff[i];i++) {
     ~~~

[2022-02-13 20:50:00]	[done]
	build successfully !

[2022-02-13 20:50:17]	[done]
	build successfully !

[2022-02-13 20:51:49]	[done]
	build successfully !

[2022-02-13 20:55:01]	[done]
	build successfully !

[2022-02-13 20:59:53]	[done]
	build successfully !

[2022-02-13 21:01:12]	[done]
	build successfully !

[2022-02-13 21:04:26]	[done]
	build successfully !

[2022-02-13 21:05:40]	[done]
	build successfully !

[2022-02-13 21:05:50]	compilation failed at : "h:\AllProject\EIDE\ritter mcu\src\main.c", exit code: 1
  at unify_builder.Program.Main (System.String[] args) [0x0187a] in <67d11e1b30504dd6babd321425698ba1>:0 
---
./src/main.c: In function 'main':
./src/main.c:15:27: error: expected ';' before 'for'
     sprintf(buff,"%d",123)
                           ^
                           ;
./src/main.c:17:5:
     for (int i = 0;buff[i];i++) {
     ~~~

[2022-02-13 21:05:55]	[done]
	build successfully !

[2022-02-13 21:06:31]	[done]
	build successfully !

[2022-02-13 21:20:27]	[done]
	build successfully !

[2022-02-13 21:22:32]	[done]
	build successfully !

[2022-02-13 21:24:35]	[done]
	build successfully !

[2022-02-13 21:25:15]	[done]
	build successfully !

[2022-02-13 21:26:21]	[done]
	build successfully !

[2022-02-13 21:29:30]	[done]
	build successfully !

[2022-02-13 21:29:52]	[done]
	build successfully !

[2022-02-13 21:30:05]	[done]
	build successfully !

[2022-02-13 21:30:40]	[done]
	build successfully !

[2022-02-13 21:31:00]	[done]
	build successfully !

[2022-02-13 21:31:21]	[done]
	build successfully !

[2022-02-13 21:33:05]	[done]
	build successfully !

[2022-02-13 21:33:45]	[done]
	build successfully !

[2022-02-13 22:27:29]	[done]
	build successfully !

[2022-02-13 22:28:42]	[done]
	build successfully !

[2022-02-13 23:00:48]	[done]
	build successfully !

[2022-02-13 23:27:33]	[done]
	build successfully !

[2022-02-13 23:28:25]	[done]
	build successfully !

[2022-02-13 23:29:50]	[done]
	build successfully !

[2022-02-13 23:38:56]	[done]
	build successfully !

[2022-02-13 23:54:21]	[done]
	build successfully !

[2022-02-13 23:57:06]	[done]
	build successfully !

[2022-02-13 23:57:40]	[done]
	build successfully !

[2022-02-13 23:58:06]	[done]
	build successfully !

[2022-02-13 23:58:53]	[done]
	build successfully !

[2022-02-13 23:59:43]	[done]
	build successfully !

[2022-02-14 00:00:19]	[done]
	build successfully !

[2022-02-14 00:02:10]	[done]
	build successfully !

[2022-02-14 00:05:27]	[done]
	build successfully !

[2022-02-14 00:06:11]	[done]
	build successfully !

[2022-02-14 00:06:41]	[done]
	build successfully !

[2022-02-14 00:07:49]	[done]
	build successfully !

[2022-02-14 00:09:07]	[done]
	build successfully !

[2022-02-14 00:10:37]	[done]
	build successfully !

[2022-02-14 00:11:10]	[done]
	build successfully !

[2022-02-14 00:18:00]	[done]
	build successfully !

[2022-02-14 00:18:57]	[done]
	build successfully !

[2022-02-14 00:20:20]	[done]
	build successfully !

[2022-02-14 00:20:49]	[done]
	build successfully !

[2022-02-14 00:21:13]	[done]
	build successfully !

[2022-02-14 00:21:36]	[done]
	build successfully !

[2022-02-14 00:22:28]	[done]
	build successfully !

[2022-02-14 00:22:57]	[done]
	build successfully !

[2022-02-14 00:23:14]	[done]
	build successfully !

[2022-02-14 00:34:40]	[done]
	build successfully !

[2022-02-14 00:38:11]	[done]
	build successfully !

[2022-02-14 00:38:47]	[done]
	build successfully !

[2022-02-14 00:39:29]	[done]
	build successfully !

[2022-02-14 00:42:01]	[done]
	build successfully !

[2022-02-14 00:45:53]	[done]
	build successfully !

[2022-02-14 00:47:49]	[done]
	build successfully !

[2022-02-14 00:48:22]	[done]
	build successfully !

[2022-02-14 00:48:46]	[done]
	build successfully !

[2022-02-15 00:50:42]	[done]
	build successfully !

[2022-02-15 00:51:24]	compilation failed at : "h:\AllProject\EIDE\ritter mcu\src\rv-test.s", exit code: 1
  at unify_builder.Program.Main (System.String[] args) [0x0187a] in <67d11e1b30504dd6babd321425698ba1>:0 
---
./src/rv-test.s: Assembler messages:
./src/rv-test.s:20: Error: unrecognized opcode `ld x30,0(x1)'
./src/rv-test.s:21: Error: unrecognized opcode `ld x30,8(x1)'
./src/rv-test.s:22: Error: unrecognized opcode `ld x30,16(x1)'
./src/rv-test.s:23: Error: unrecognized opcode `ld x30,24(x1)'
./src/rv-test.s:27: Error: unrecognized opcode `ld x30,-24(x1)'
./src/rv-test.s:28: Error: unrecognized opcode `ld x30,-16(x1)'
./src/rv-test.s:29: Error: unrecognized opcode `ld x30,-8(x1)'
./src/rv-test.s:30: Error: unrecognized opcode `ld x30,0(x1)'
./src/rv-test.s:34: Error: unrecognized opcode `ld x5,32(x1)'
./src/rv-test.s:42: Error: unrecognized opcode `ld x5,11(x1)'
./src/rv-test.s:52: Error: unrecognized opcode `ld x30,8(x1)'
./src/rv-test.s:53: Error: unrecognized opcode `ld x30,8(x1)'
./src/rv-test.s:54: Error: unrecognized opcode `ld x30,8(x1)'
./src/rv-test.s:56: Error: unrecognized opcode `ld x30,8(x1)'
./src/rv-test.s:57: Error: unrecognized opcode `ld x30,8(x1)'
./src/rv-test.s:58: Error: unrecognized opcode `ld x30,8(x1)'
./src/rv-test.s:64: Error: unrecognized opcode `ld x2,0(x5)'
./src/rv-test.s:70: Error: unrecognized opcode `ld x2,0(x5)'
./src/rv-test.s:52: Error: value of 0ff00ff00ff00ff0 too large for field of 4 bytes at 0000000000000150
./src/rv-test.s:52: Error: value of 0ff00ff00ff00ff0 too large for field of 4 bytes at 0000000000000154
./src/rv-test.s:53: Error: value of f00ff00ff00ff00f too large for field of 4 bytes at 0000000000000180
./src/rv-test.s:53: Error: value of f00ff00ff00ff00f too large for field of 4 bytes at 0000000000000184
./src/rv-test.s:54: Error: value of ff00ff00ff00ff00 too large for field of 4 bytes at 00000000000001b4
./src/rv-test.s:54: Error: value of ff00ff00ff00ff00 too large for field of 4 bytes at 00000000000001b8
./src/rv-test.s:56: Error: value of 0ff00ff00ff00ff0 too large for field of 4 bytes at 00000000000001dc
./src/rv-test.s:56: Error: value of 0ff00ff00ff00ff0 too large for field of 4 bytes at 00000000000001e0
./src/rv-test.s:57: Error: value of f00ff00ff00ff00f too large for field of 4 bytes at 0000000000000208
./src/rv-test.s:57: Error: value of f00ff00ff00ff00f too large for field of 4 bytes at 000000000000020c
./src/rv-test.s:58: Error: value of ff00ff00ff00ff00 too large for field of 4 bytes at 0000000000000238
./src/rv-test.s:58: Error: value of ff00ff00ff00ff00 too large for field of 4 bytes at 000000000000023c

[2022-02-15 00:51:57]	compilation failed at : "h:\AllProject\EIDE\ritter mcu\src\rv-test.s", exit code: 1
  at unify_builder.Program.Main (System.String[] args) [0x0187a] in <67d11e1b30504dd6babd321425698ba1>:0 
---
./src/rv-test.s: Assembler messages:
./src/rv-test.s:20: Error: unrecognized opcode `ld x30,0(x1)'
./src/rv-test.s:21: Error: unrecognized opcode `ld x30,8(x1)'
./src/rv-test.s:22: Error: unrecognized opcode `ld x30,16(x1)'
./src/rv-test.s:23: Error: unrecognized opcode `ld x30,24(x1)'
./src/rv-test.s:27: Error: unrecognized opcode `ld x30,-24(x1)'
./src/rv-test.s:28: Error: unrecognized opcode `ld x30,-16(x1)'
./src/rv-test.s:29: Error: unrecognized opcode `ld x30,-8(x1)'
./src/rv-test.s:30: Error: unrecognized opcode `ld x30,0(x1)'
./src/rv-test.s:34: Error: unrecognized opcode `ld x5,32(x1)'
./src/rv-test.s:42: Error: unrecognized opcode `ld x5,11(x1)'
./src/rv-test.s:52: Error: unrecognized opcode `ld x30,8(x1)'
./src/rv-test.s:53: Error: unrecognized opcode `ld x30,8(x1)'
./src/rv-test.s:54: Error: unrecognized opcode `ld x30,8(x1)'
./src/rv-test.s:56: Error: unrecognized opcode `ld x30,8(x1)'
./src/rv-test.s:57: Error: unrecognized opcode `ld x30,8(x1)'
./src/rv-test.s:58: Error: unrecognized opcode `ld x30,8(x1)'
./src/rv-test.s:64: Error: unrecognized opcode `ld x2,0(x5)'
./src/rv-test.s:70: Error: unrecognized opcode `ld x2,0(x5)'
./src/rv-test.s:52: Error: value of 0ff00ff00ff00ff0 too large for field of 4 bytes at 0000000000000150
./src/rv-test.s:52: Error: value of 0ff00ff00ff00ff0 too large for field of 4 bytes at 0000000000000154
./src/rv-test.s:53: Error: value of f00ff00ff00ff00f too large for field of 4 bytes at 0000000000000180
./src/rv-test.s:53: Error: value of f00ff00ff00ff00f too large for field of 4 bytes at 0000000000000184
./src/rv-test.s:54: Error: value of ff00ff00ff00ff00 too large for field of 4 bytes at 00000000000001b4
./src/rv-test.s:54: Error: value of ff00ff00ff00ff00 too large for field of 4 bytes at 00000000000001b8
./src/rv-test.s:56: Error: value of 0ff00ff00ff00ff0 too large for field of 4 bytes at 00000000000001dc
./src/rv-test.s:56: Error: value of 0ff00ff00ff00ff0 too large for field of 4 bytes at 00000000000001e0
./src/rv-test.s:57: Error: value of f00ff00ff00ff00f too large for field of 4 bytes at 0000000000000208
./src/rv-test.s:57: Error: value of f00ff00ff00ff00f too large for field of 4 bytes at 000000000000020c
./src/rv-test.s:58: Error: value of ff00ff00ff00ff00 too large for field of 4 bytes at 0000000000000238
./src/rv-test.s:58: Error: value of ff00ff00ff00ff00 too large for field of 4 bytes at 000000000000023c

[2022-02-15 00:52:46]	compilation failed at : "h:\AllProject\EIDE\ritter mcu\src\rv-test.s", exit code: 1
  at unify_builder.Program.Main (System.String[] args) [0x0187a] in <67d11e1b30504dd6babd321425698ba1>:0 
---
./src/rv-test.s: Assembler messages:
./src/rv-test.s:20: Error: unrecognized opcode `ld x30,0(x1)'
./src/rv-test.s:21: Error: unrecognized opcode `ld x30,8(x1)'
./src/rv-test.s:22: Error: unrecognized opcode `ld x30,16(x1)'
./src/rv-test.s:23: Error: unrecognized opcode `ld x30,24(x1)'
./src/rv-test.s:27: Error: unrecognized opcode `ld x30,-24(x1)'
./src/rv-test.s:28: Error: unrecognized opcode `ld x30,-16(x1)'
./src/rv-test.s:29: Error: unrecognized opcode `ld x30,-8(x1)'
./src/rv-test.s:30: Error: unrecognized opcode `ld x30,0(x1)'
./src/rv-test.s:34: Error: unrecognized opcode `ld x5,32(x1)'
./src/rv-test.s:42: Error: unrecognized opcode `ld x5,11(x1)'
./src/rv-test.s:52: Error: unrecognized opcode `ld x30,8(x1)'
./src/rv-test.s:53: Error: unrecognized opcode `ld x30,8(x1)'
./src/rv-test.s:54: Error: unrecognized opcode `ld x30,8(x1)'
./src/rv-test.s:56: Error: unrecognized opcode `ld x30,8(x1)'
./src/rv-test.s:57: Error: unrecognized opcode `ld x30,8(x1)'
./src/rv-test.s:58: Error: unrecognized opcode `ld x30,8(x1)'
./src/rv-test.s:64: Error: unrecognized opcode `ld x2,0(x5)'
./src/rv-test.s:70: Error: unrecognized opcode `ld x2,0(x5)'
./src/rv-test.s:52: Error: value of 0ff00ff00ff00ff0 too large for field of 4 bytes at 0000000000000150
./src/rv-test.s:52: Error: value of 0ff00ff00ff00ff0 too large for field of 4 bytes at 0000000000000154
./src/rv-test.s:53: Error: value of f00ff00ff00ff00f too large for field of 4 bytes at 0000000000000180
./src/rv-test.s:53: Error: value of f00ff00ff00ff00f too large for field of 4 bytes at 0000000000000184
./src/rv-test.s:54: Error: value of ff00ff00ff00ff00 too large for field of 4 bytes at 00000000000001b4
./src/rv-test.s:54: Error: value of ff00ff00ff00ff00 too large for field of 4 bytes at 00000000000001b8
./src/rv-test.s:56: Error: value of 0ff00ff00ff00ff0 too large for field of 4 bytes at 00000000000001dc
./src/rv-test.s:56: Error: value of 0ff00ff00ff00ff0 too large for field of 4 bytes at 00000000000001e0
./src/rv-test.s:57: Error: value of f00ff00ff00ff00f too large for field of 4 bytes at 0000000000000208
./src/rv-test.s:57: Error: value of f00ff00ff00ff00f too large for field of 4 bytes at 000000000000020c
./src/rv-test.s:58: Error: value of ff00ff00ff00ff00 too large for field of 4 bytes at 0000000000000238
./src/rv-test.s:58: Error: value of ff00ff00ff00ff00 too large for field of 4 bytes at 000000000000023c

[2022-02-15 00:56:33]	[done]
	build successfully !

[2022-02-15 00:57:00]	[done]
	build successfully !

[2022-02-15 01:02:02]	[done]
	build successfully !

[2022-02-15 01:02:59]	[done]
	build successfully !

[2022-02-15 01:03:11]	[done]
	build successfully !

[2022-02-15 01:03:39]	[done]
	build successfully !

[2022-02-15 01:04:27]	[done]
	build successfully !

[2022-02-15 01:05:19]	[done]
	build successfully !

[2022-02-15 01:05:43]	[done]
	build successfully !

[2022-02-15 01:06:08]	[done]
	build successfully !

[2022-02-15 01:07:39]	[done]
	build successfully !

[2022-02-15 01:08:13]	[done]
	build successfully !

[2022-02-15 01:08:39]	[done]
	build successfully !

[2022-02-15 01:09:08]	[done]
	build successfully !

[2022-02-15 01:09:53]	[done]
	build successfully !

[2022-02-15 01:10:55]	[done]
	build successfully !

[2022-02-15 01:11:31]	[done]
	build successfully !

[2022-02-15 01:13:27]	[done]
	build successfully !

[2022-02-15 01:17:42]	[done]
	build successfully !

[2022-02-15 01:18:22]	[done]
	build successfully !

[2022-02-15 01:21:16]	[done]
	build successfully !

[2022-02-15 01:21:46]	[done]
	build successfully !

[2022-02-15 01:22:09]	[done]
	build successfully !

[2022-02-15 01:22:39]	[done]
	build successfully !

[2022-02-15 20:40:39]	[done]
	build successfully !

[2022-02-15 20:41:43]	[done]
	build successfully !

[2022-02-15 21:02:12]	[done]
	build successfully !

[2022-02-15 21:02:35]	[done]
	build successfully !

[2022-02-15 21:02:50]	[done]
	build successfully !

[2022-02-15 21:13:12]	[done]
	build successfully !

[2022-02-15 21:16:56]	Not found any source files !, please add some source files !
  at unify_builder.Program.Main (System.String[] args) [0x015ad] in <67d11e1b30504dd6babd321425698ba1>:0 

[2022-02-15 21:17:41]	[done]
	build successfully !

[2022-02-15 21:18:38]	[done]
	build successfully !

[2022-02-15 21:19:42]	[done]
	build successfully !

[2022-02-15 21:32:53]	compilation failed at : "h:\AllProject\EIDE\ritter mcu\src\src\start.S", exit code: 1
  at unify_builder.Program.Main (System.String[] args) [0x0187a] in <67d11e1b30504dd6babd321425698ba1>:0 
---
./src/src/start.S: Assembler messages:
./src/src/start.S:17: Error: illegal operands `la a0,_data_lma@123'

[2022-02-15 21:33:07]	compilation failed at : "h:\AllProject\EIDE\ritter mcu\src\src\start.S", exit code: 1
  at unify_builder.Program.Main (System.String[] args) [0x0187a] in <67d11e1b30504dd6babd321425698ba1>:0 
---
./src/src/start.S: Assembler messages:
./src/src/start.S:28: Error: junk at end of line, first unrecognized character is `@'

[2022-02-15 21:34:13]	[done]
	build successfully !

[2022-02-15 21:54:49]	[done]
	build successfully !

[2022-02-15 22:01:03]	[done]
	build successfully !

[2022-02-15 22:03:05]	[done]
	build successfully !

[2022-02-15 22:04:05]	[done]
	build successfully !

[2022-02-15 22:04:38]	[done]
	build successfully !

[2022-02-15 22:05:59]	[done]
	build successfully !

[2022-02-15 22:07:31]	[done]
	build successfully !

[2022-02-15 22:09:59]	[done]
	build successfully !

[2022-02-15 22:10:35]	[done]
	build successfully !

[2022-02-15 22:11:27]	[done]
	build successfully !

[2022-02-15 22:12:04]	[done]
	build successfully !

[2022-02-15 22:14:37]	[done]
	build successfully !

[2022-02-15 22:17:33]	[done]
	build successfully !

[2022-02-15 22:18:06]	[done]
	build successfully !

[2022-02-15 22:20:21]	[done]
	build successfully !

[2022-02-15 22:21:08]	[done]
	build successfully !

[2022-02-15 22:21:33]	compilation failed at : "h:\AllProject\EIDE\ritter mcu\src\src\main.c", exit code: 1
  at unify_builder.Program.Main (System.String[] args) [0x0187a] in <67d11e1b30504dd6babd321425698ba1>:0 
---
./src/src/main.c: In function 'main':
./src/src/main.c:25:16: error: 'ram' undeclared (first use in this function)
     int* ptr = ram;
                ^~~
./src/src/main.c:25:16: note: each undeclared identifier is reported only once for each function it appears in
./src/src/main.c:25:10: warning: unused variable 'ptr' [-Wunused-variable]
     int* ptr = ram;
          ^~~

[2022-02-15 22:23:39]	[done]
	build successfully !

[2022-02-15 22:24:39]	[done]
	build successfully !

[2022-02-15 22:26:46]	compilation failed at : "h:\AllProject\EIDE\ritter mcu\src\src\main.c", exit code: 1
  at unify_builder.Program.Main (System.String[] args) [0x0187a] in <67d11e1b30504dd6babd321425698ba1>:0 
---
./src/src/main.c:2:10: fatal error: sdtio.h: No such file or directory
 #include "sdtio.h"
          ^~~~~~~~~
compilation terminated.

[2022-02-15 22:26:57]	[done]
	build successfully !

[2022-02-15 22:27:41]	[done]
	build successfully !

[2022-02-15 22:28:23]	[done]
	build successfully !

[2022-02-15 22:32:09]	[done]
	build successfully !

[2022-02-15 22:33:15]	[done]
	build successfully !

[2022-02-15 22:34:06]	[done]
	build successfully !

[2022-02-15 22:34:45]	[done]
	build successfully !

[2022-02-15 22:35:28]	[done]
	build successfully !

[2022-02-15 22:36:30]	[done]
	build successfully !

[2022-02-15 22:36:54]	[done]
	build successfully !

[2022-02-15 22:38:23]	[done]
	build successfully !

[2022-02-15 22:40:51]	[done]
	build successfully !

[2022-02-15 22:51:13]	[done]
	build successfully !

[2022-02-15 22:52:22]	compilation failed at : "h:\AllProject\EIDE\ritter mcu\src\src\main.c", exit code: 1
  at unify_builder.Program.Main (System.String[] args) [0x0187a] in <67d11e1b30504dd6babd321425698ba1>:0 
---
./src/src/main.c: In function 'main':
./src/src/main.c:33:17: warning: initialization of 'char *' from 'int' makes pointer from integer without a cast [-Wint-conversion]
     char* ptr = 0x01000000;
                 ^~~~~~~~~~
./src/src/main.c:35:21: error: expected ';' before 'send_char'
         ptr[i] = 'a'
                     ^
                     ;
         send_char(ptr[i]);
         ~~~~~~~~~

[2022-02-15 22:52:29]	[done]
	build successfully !

[2022-02-15 22:53:36]	[done]
	build successfully !

[2022-02-15 22:54:42]	[done]
	build successfully !

[2022-02-15 22:55:52]	[done]
	build successfully !

[2022-02-15 22:58:03]	[done]
	build successfully !

[2022-02-15 22:59:00]	[done]
	build successfully !

[2022-02-15 23:07:27]	[done]
	build successfully !

[2022-02-15 23:08:20]	[done]
	build successfully !

[2022-02-15 23:08:35]	[done]
	build successfully !

[2022-02-15 23:09:07]	[done]
	build successfully !

[2022-02-15 23:09:32]	[done]
	build successfully !

[2022-02-15 23:10:01]	[done]
	build successfully !

[2022-02-15 23:14:06]	[done]
	build successfully !

[2022-02-15 23:14:47]	[done]
	build successfully !

[2022-02-15 23:16:59]	[done]
	build successfully !

[2022-02-15 23:17:27]	[done]
	build successfully !

[2022-02-15 23:17:50]	[done]
	build successfully !

[2022-02-15 23:18:16]	[done]
	build successfully !

[2022-02-15 23:18:50]	[done]
	build successfully !

[2022-02-15 23:19:21]	[done]
	build successfully !

[2022-02-15 23:29:02]	[done]
	build successfully !

[2022-02-15 23:29:51]	[done]
	build successfully !

[2022-02-15 23:31:20]	[done]
	build successfully !

[2022-02-15 23:32:14]	[done]
	build successfully !

[2022-02-15 23:34:14]	[done]
	build successfully !

[2022-02-15 23:34:48]	[done]
	build successfully !

[2022-02-15 23:35:23]	[done]
	build successfully !

[2022-02-15 23:37:39]	[done]
	build successfully !

[2022-02-15 23:44:44]	[done]
	build successfully !

[2022-02-15 23:48:19]	[done]
	build successfully !

[2022-02-15 23:48:47]	[done]
	build successfully !

[2022-02-15 23:49:38]	[done]
	build successfully !

[2022-02-15 23:55:49]	[done]
	build successfully !

[2022-02-16 00:04:41]	[done]
	build successfully !

[2022-02-16 00:05:48]	[done]
	build successfully !

[2022-02-16 00:06:31]	[done]
	build successfully !

[2022-02-16 00:09:12]	[done]
	build successfully !

[2022-02-16 00:10:48]	[done]
	build successfully !

[2022-02-16 00:11:00]	[done]
	build successfully !

[2022-02-16 00:12:26]	[done]
	build successfully !

[2022-02-16 00:30:54]	[done]
	build successfully !

[2022-02-16 00:32:32]	[done]
	build successfully !

[2022-02-16 00:33:16]	[done]
	build successfully !

[2022-02-16 00:33:52]	[done]
	build successfully !

[2022-02-16 00:34:36]	[done]
	build successfully !

[2022-02-16 00:35:38]	[done]
	build successfully !

[2022-02-16 00:40:19]	[done]
	build successfully !

[2022-02-16 00:40:54]	[done]
	build successfully !

[2022-02-16 00:41:37]	[done]
	build successfully !

[2022-02-16 00:41:42]	[done]
	build successfully !

[2022-02-16 00:42:57]	[done]
	build successfully !

[2022-02-16 00:44:47]	[done]
	build successfully !

[2022-02-16 00:47:07]	[done]
	build successfully !

[2022-02-16 00:47:59]	[done]
	build successfully !

[2022-02-16 00:48:56]	[done]
	build successfully !

[2022-02-16 00:49:08]	[done]
	build successfully !

[2022-02-16 00:50:16]	compilation failed at : "h:\AllProject\EIDE\ritter mcu\src\src\main.c", exit code: 1
  at unify_builder.Program.Main (System.String[] args) [0x0187a] in <67d11e1b30504dd6babd321425698ba1>:0 
---
./src/src/main.c: In function 'main':
./src/src/main.c:33:17: warning: initialization of 'char *' from 'int' makes pointer from integer without a cast [-Wint-conversion]
     char* ptr = 0x01000000;
                 ^~~~~~~~~~
./src/src/main.c:44:9: error: break statement not within loop or switch
         break;
         ^~~~~

[2022-02-16 00:50:21]	[done]
	build successfully !

[2022-02-16 01:08:07]	[done]
	build successfully !

[2022-02-16 13:47:04]	[done]
	build successfully !

[2022-02-16 13:49:01]	[done]
	build successfully !

[2022-02-16 13:50:53]	[done]
	build successfully !

[2022-02-16 13:51:19]	[done]
	build successfully !

[2022-02-16 13:58:30]	[done]
	build successfully !

[2022-02-16 13:58:54]	[done]
	build successfully !

[2022-02-16 14:03:11]	compilation failed at : "h:\AllProject\EIDE\ritter mcu\src\coremark\core_portme.c", exit code: 1
  at unify_builder.Program.Main (System.String[] args) [0x0187a] in <67d11e1b30504dd6babd321425698ba1>:0 
---
./src/coremark/core_portme.c:75:10: fatal error: n200_func.h: No such file or directory
 #include "n200_func.h"
          ^~~~~~~~~~~~~
compilation terminated.

[2022-02-16 14:03:38]	compilation failed at : "h:\AllProject\EIDE\ritter mcu\src\coremark\core_portme.c", exit code: 1
  at unify_builder.Program.Main (System.String[] args) [0x0187a] in <67d11e1b30504dd6babd321425698ba1>:0 
---
./src/coremark/core_portme.c: In function 'start_time':
./src/coremark/core_portme.c:66:15: warning: implicit declaration of function 'get_timer_value'; did you mean 'get_time'? [-Wimplicit-function-declaration]
     timer_0 = get_timer_value() / 27;
               ^~~~~~~~~~~~~~~
               get_time
./src/coremark/core_portme.c: At top level:
./src/coremark/core_portme.c:103:10: fatal error: lcd.h: No such file or directory
 #include "lcd.h"
          ^~~~~~~
compilation terminated.

[2022-02-16 14:03:48]	compilation failed at : "h:\AllProject\EIDE\ritter mcu\src\coremark\core_portme.c", exit code: 1
  at unify_builder.Program.Main (System.String[] args) [0x0187a] in <67d11e1b30504dd6babd321425698ba1>:0 
---
./src/coremark/core_portme.c: In function 'start_time':
./src/coremark/core_portme.c:66:15: warning: implicit declaration of function 'get_timer_value'; did you mean 'get_time'? [-Wimplicit-function-declaration]
     timer_0 = get_timer_value() / 27;
               ^~~~~~~~~~~~~~~
               get_time
./src/coremark/core_portme.c: In function 'init_uart0':
./src/coremark/core_portme.c:107:5: warning: implicit declaration of function 'rcu_periph_clock_enable' [-Wimplicit-function-declaration]
     rcu_periph_clock_enable(RCU_GPIOA);
     ^~~~~~~~~~~~~~~~~~~~~~~
./src/coremark/core_portme.c:107:29: error: 'RCU_GPIOA' undeclared (first use in this function)
     rcu_periph_clock_enable(RCU_GPIOA);
                             ^~~~~~~~~
./src/coremark/core_portme.c:107:29: note: each undeclared identifier is reported only once for each function it appears in
./src/coremark/core_portme.c:109:29: error: 'RCU_USART0' undeclared (first use in this function)
     rcu_periph_clock_enable(RCU_USART0);
                             ^~~~~~~~~~
./src/coremark/core_portme.c:112:5: warning: implicit declaration of function 'gpio_init' [-Wimplicit-function-declaration]
     gpio_init(GPIOA, GPIO_MODE_AF_PP, GPIO_OSPEED_50MHZ, GPIO_PIN_9);
     ^~~~~~~~~
./src/coremark/core_portme.c:112:15: error: 'GPIOA' undeclared (first use in this function)
     gpio_init(GPIOA, GPIO_MODE_AF_PP, GPIO_OSPEED_50MHZ, GPIO_PIN_9);
               ^~~~~
./src/coremark/core_portme.c:112:22: error: 'GPIO_MODE_AF_PP' undeclared (first use in this function)
     gpio_init(GPIOA, GPIO_MODE_AF_PP, GPIO_OSPEED_50MHZ, GPIO_PIN_9);
                      ^~~~~~~~~~~~~~~
./src/coremark/core_portme.c:112:39: error: 'GPIO_OSPEED_50MHZ' undeclared (first use in this function)
     gpio_init(GPIOA, GPIO_MODE_AF_PP, GPIO_OSPEED_50MHZ, GPIO_PIN_9);
                                       ^~~~~~~~~~~~~~~~~
./src/coremark/core_portme.c:112:58: error: 'GPIO_PIN_9' undeclared (first use in this function)
     gpio_init(GPIOA, GPIO_MODE_AF_PP, GPIO_OSPEED_50MHZ, GPIO_PIN_9);
                                                          ^~~~~~~~~~
./src/coremark/core_portme.c:114:22: error: 'GPIO_MODE_IN_FLOATING' undeclared (first use in this function)
     gpio_init(GPIOA, GPIO_MODE_IN_FLOATING, GPIO_OSPEED_50MHZ, GPIO_PIN_10);
                      ^~~~~~~~~~~~~~~~~~~~~
./src/coremark/core_portme.c:114:64: error: 'GPIO_PIN_10' undeclared (first use in this function)
     gpio_init(GPIOA, GPIO_MODE_IN_FLOATING, GPIO_OSPEED_50MHZ, GPIO_PIN_10);
                                                                ^~~~~~~~~~~
./src/coremark/core_portme.c:117:5: warning: implicit declaration of function 'usart_deinit' [-Wimplicit-function-declaration]
     usart_deinit(USART0);
     ^~~~~~~~~~~~
./src/coremark/core_portme.c:117:18: error: 'USART0' undeclared (first use in this function)
     usart_deinit(USART0);
                  ^~~~~~
./src/coremark/core_portme.c:118:5: warning: implicit declaration of function 'usart_baudrate_set' [-Wimplicit-function-declaration]
     usart_baudrate_set(USART0, 115200U);
     ^~~~~~~~~~~~~~~~~~
./src/coremark/core_portme.c:119:5: warning: implicit declaration of function 'usart_word_length_set' [-Wimplicit-function-declaration]
     usart_word_length_set(USART0, USART_WL_8BIT);
     ^~~~~~~~~~~~~~~~~~~~~
./src/coremark/core_portme.c:119:35: error: 'USART_WL_8BIT' undeclared (first use in this function)
     usart_word_length_set(USART0, USART_WL_8BIT);
                                   ^~~~~~~~~~~~~
./src/coremark/core_portme.c:120:5: warning: implicit declaration of function 'usart_stop_bit_set' [-Wimplicit-function-declaration]
     usart_stop_bit_set(USART0, USART_STB_1BIT);
     ^~~~~~~~~~~~~~~~~~
./src/coremark/core_portme.c:120:32: error: 'USART_STB_1BIT' undeclared (first use in this function)
     usart_stop_bit_set(USART0, USART_STB_1BIT);
                                ^~~~~~~~~~~~~~
./src/coremark/core_portme.c:121:5: warning: implicit declaration of function 'usart_parity_config' [-Wimplicit-function-declaration]
     usart_parity_config(USART0, USART_PM_NONE);
     ^~~~~~~~~~~~~~~~~~~
./src/coremark/core_portme.c:121:33: error: 'USART_PM_NONE' undeclared (first use in this function)
     usart_parity_config(USART0, USART_PM_NONE);
                                 ^~~~~~~~~~~~~
./src/coremark/core_portme.c:122:5: warning: implicit declaration of function 'usart_hardware_flow_rts_config' [-Wimplicit-function-declaration]
     usart_hardware_flow_rts_config(USART0, USART_RTS_DISABLE);
     ^~~~~~~~~~~~~~~~~~~~~~~~~~~~~~
./src/coremark/core_portme.c:122:44: error: 'USART_RTS_DISABLE' undeclared (first use in this function)
     usart_hardware_flow_rts_config(USART0, USART_RTS_DISABLE);
                                            ^~~~~~~~~~~~~~~~~
./src/coremark/core_portme.c:123:5: warning: implicit declaration of function 'usart_hardware_flow_cts_config' [-Wimplicit-function-declaration]
     usart_hardware_flow_cts_config(USART0, USART_CTS_DISABLE);
     ^~~~~~~~~~~~~~~~~~~~~~~~~~~~~~
./src/coremark/core_portme.c:123:44: error: 'USART_CTS_DISABLE' undeclared (first use in this function)
     usart_hardware_flow_cts_config(USART0, USART_CTS_DISABLE);
                                            ^~~~~~~~~~~~~~~~~
./src/coremark/core_portme.c:124:5: warning: implicit declaration of function 'usart_receive_config' [-Wimplicit-function-declaration]
     usart_receive_config(USART0, USART_RECEIVE_ENABLE);
     ^~~~~~~~~~~~~~~~~~~~
./src/coremark/core_portme.c:124:34: error: 'USART_RECEIVE_ENABLE' undeclared (first use in this function)
     usart_receive_config(USART0, USART_RECEIVE_ENABLE);
                                  ^~~~~~~~~~~~~~~~~~~~
./src/coremark/core_portme.c:125:5: warning: implicit declaration of function 'usart_transmit_config' [-Wimplicit-function-declaration]
     usart_transmit_config(USART0, USART_TRANSMIT_ENABLE);
     ^~~~~~~~~~~~~~~~~~~~~
./src/coremark/core_portme.c:125:35: error: 'USART_TRANSMIT_ENABLE' undeclared (first use in this function)
     usart_transmit_config(USART0, USART_TRANSMIT_ENABLE);
                                   ^~~~~~~~~~~~~~~~~~~~~
./src/coremark/core_portme.c:126:5: warning: implicit declaration of function 'usart_enable' [-Wimplicit-function-declaration]
     usart_enable(USART0);
     ^~~~~~~~~~~~
./src/coremark/core_portme.c:128:5: warning: implicit declaration of function 'usart_interrupt_enable' [-Wimplicit-function-declaration]
     usart_interrupt_enable(USART0, USART_INT_RBNE);
     ^~~~~~~~~~~~~~~~~~~~~~
./src/coremark/core_portme.c:128:36: error: 'USART_INT_RBNE' undeclared (first use in this function)
     usart_interrupt_enable(USART0, USART_INT_RBNE);
                                    ^~~~~~~~~~~~~~
./src/coremark/core_portme.c: In function 'portable_init':
./src/coremark/core_portme.c:135:5: warning: implicit declaration of function '_init'; did you mean '_Exit'? [-Wimplicit-function-declaration]
     _init();
     ^~~~~
     _Exit
./src/coremark/core_portme.c:142:5: warning: implicit declaration of function 'delay_1ms' [-Wimplicit-function-declaration]
     delay_1ms(1000);
     ^~~~~~~~~
At top level:
./src/coremark/core_portme.c:48:37: warning: 'stop_time_val' defined but not used [-Wunused-variable]
 static CORETIMETYPE start_time_val, stop_time_val;
                                     ^~~~~~~~~~~~~
./src/coremark/core_portme.c:48:21: warning: 'start_time_val' defined but not used [-Wunused-variable]
 static CORETIMETYPE start_time_val, stop_time_val;
                     ^~~~~~~~~~~~~~

[2022-02-16 14:25:35]	link failed !, exit code: 1
  at unify_builder.Program.Main (System.String[] args) [0x01a1e] in <67d11e1b30504dd6babd321425698ba1>:0 
---
Memory region         Used Size  Region Size  %age Used
           flash:       27540 B        32 KB     84.05%
e:/program files (x86)/normal-riscv-none-gcc-8.2.0-2.2-20190521-0004-win64/bin/../lib/gcc/riscv-none-embed/8.2.0/../../../../riscv-none-embed/bin/ld.exe: ./build/Debug/src/main.o: in function `main':
h:\AllProject\EIDE\ritter mcu/./src/main.c:16: multiple definition of `main'; ./build/Debug/src/coremark/core_main.o:h:\AllProject\EIDE\ritter mcu/./src/coremark/core_main.c:85: first defined here
e:/program files (x86)/normal-riscv-none-gcc-8.2.0-2.2-20190521-0004-win64/bin/../lib/gcc/riscv-none-embed/8.2.0/../../../../riscv-none-embed/bin/ld.exe: ./build/Debug/src/coremark/core_portme.o: in function `start_time':
h:\AllProject\EIDE\ritter mcu/./src/coremark/core_portme.c:66: undefined reference to `get_timer_value'
e:/program files (x86)/normal-riscv-none-gcc-8.2.0-2.2-20190521-0004-win64/bin/../lib/gcc/riscv-none-embed/8.2.0/../../../../riscv-none-embed/bin/ld.exe: ./build/Debug/src/coremark/core_portme.o: in function `stop_time':
h:\AllProject\EIDE\ritter mcu/./src/coremark/core_portme.c:73: undefined reference to `get_timer_value'
e:/program files (x86)/normal-riscv-none-gcc-8.2.0-2.2-20190521-0004-win64/bin/../lib/gcc/riscv-none-embed/8.2.0/../../../../riscv-none-embed/bin/ld.exe: ./build/Debug/src/coremark/core_portme.o: in function `portable_init':
h:\AllProject\EIDE\ritter mcu/./src/coremark/core_portme.c:110: undefined reference to `_init'
e:/program files (x86)/normal-riscv-none-gcc-8.2.0-2.2-20190521-0004-win64/bin/../lib/gcc/riscv-none-embed/8.2.0/../../../../riscv-none-embed/bin/ld.exe: h:\AllProject\EIDE\ritter mcu/./src/coremark/core_portme.c:111: undefined reference to `init_uart0'
e:/program files (x86)/normal-riscv-none-gcc-8.2.0-2.2-20190521-0004-win64/bin/../lib/gcc/riscv-none-embed/8.2.0/../../../../riscv-none-embed/bin/ld.exe: h:\AllProject\EIDE\ritter mcu/./src/coremark/core_portme.c:116: undefined reference to `get_timer_value'
e:/program files (x86)/normal-riscv-none-gcc-8.2.0-2.2-20190521-0004-win64/bin/../lib/gcc/riscv-none-embed/8.2.0/../../../../riscv-none-embed/bin/ld.exe: h:\AllProject\EIDE\ritter mcu/./src/coremark/core_portme.c:117: undefined reference to `delay_1ms'
e:/program files (x86)/normal-riscv-none-gcc-8.2.0-2.2-20190521-0004-win64/bin/../lib/gcc/riscv-none-embed/8.2.0/../../../../riscv-none-embed/bin/ld.exe: h:\AllProject\EIDE\ritter mcu/./src/coremark/core_portme.c:118: undefined reference to `get_timer_value'
collect2.exe: error: ld returned 1 exit status
             ram:         32 KB        32 KB    100.00%


[2022-02-16 14:26:03]	link failed !, exit code: 1
  at unify_builder.Program.Main (System.String[] args) [0x01a1e] in <67d11e1b30504dd6babd321425698ba1>:0 
---
Memory region         Used Size  Region Size  %age Used
           flash:       27524 B        32 KB     84.00%
e:/program files (x86)/normal-riscv-none-gcc-8.2.0-2.2-20190521-0004-win64/bin/../lib/gcc/riscv-none-embed/8.2.0/../../../../riscv-none-embed/bin/ld.exe: ./build/Debug/src/main.o: in function `main':
h:\AllProject\EIDE\ritter mcu/./src/main.c:16: multiple definition of `main'; ./build/Debug/src/coremark/core_main.o:h:\AllProject\EIDE\ritter mcu/./src/coremark/core_main.c:85: first defined here
e:/program files (x86)/normal-riscv-none-gcc-8.2.0-2.2-20190521-0004-win64/bin/../lib/gcc/riscv-none-embed/8.2.0/../../../../riscv-none-embed/bin/ld.exe: ./build/Debug/src/coremark/core_portme.o: in function `start_time':
h:\AllProject\EIDE\ritter mcu/./src/coremark/core_portme.c:66: undefined reference to `get_timer_value'
e:/program files (x86)/normal-riscv-none-gcc-8.2.0-2.2-20190521-0004-win64/bin/../lib/gcc/riscv-none-embed/8.2.0/../../../../riscv-none-embed/bin/ld.exe: ./build/Debug/src/coremark/core_portme.o: in function `stop_time':
h:\AllProject\EIDE\ritter mcu/./src/coremark/core_portme.c:73: undefined reference to `get_timer_value'
e:/program files (x86)/normal-riscv-none-gcc-8.2.0-2.2-20190521-0004-win64/bin/../lib/gcc/riscv-none-embed/8.2.0/../../../../riscv-none-embed/bin/ld.exe: ./build/Debug/src/coremark/core_portme.o: in function `portable_init':
h:\AllProject\EIDE\ritter mcu/./src/coremark/core_portme.c:111: undefined reference to `get_timer_value'
e:/program files (x86)/normal-riscv-none-gcc-8.2.0-2.2-20190521-0004-win64/bin/../lib/gcc/riscv-none-embed/8.2.0/../../../../riscv-none-embed/bin/ld.exe: h:\AllProject\EIDE\ritter mcu/./src/coremark/core_portme.c:112: undefined reference to `delay_1ms'
e:/program files (x86)/normal-riscv-none-gcc-8.2.0-2.2-20190521-0004-win64/bin/../lib/gcc/riscv-none-embed/8.2.0/../../../../riscv-none-embed/bin/ld.exe: h:\AllProject\EIDE\ritter mcu/./src/coremark/core_portme.c:113: undefined reference to `get_timer_value'
collect2.exe: error: ld returned 1 exit status
             ram:         32 KB        32 KB    100.00%


[2022-02-16 14:26:50]	[done]
	build successfully !

[2022-02-16 14:27:59]	[done]
	build successfully !

[2022-02-16 14:29:09]	[done]
	build successfully !

[2022-02-16 14:29:21]	[done]
	build successfully !

[2022-02-16 14:30:31]	[done]
	build successfully !

[2022-02-16 14:33:35]	[done]
	build successfully !

[2022-02-16 14:37:04]	[done]
	build successfully !

[2022-02-16 14:37:26]	[done]
	build successfully !

[2022-02-16 14:43:14]	[done]
	build successfully !

[2022-02-16 14:43:53]	[done]
	build successfully !

[2022-02-16 14:44:28]	[done]
	build successfully !

[2022-02-16 14:44:53]	[done]
	build successfully !

[2022-02-16 14:45:50]	[done]
	build successfully !

[2022-02-16 14:46:27]	[done]
	build successfully !

[2022-02-16 14:47:08]	[done]
	build successfully !

[2022-02-16 14:52:55]	[done]
	build successfully !

[2022-02-16 14:53:27]	[done]
	build successfully !

[2022-02-16 14:53:40]	[done]
	build successfully !

[2022-02-16 14:54:19]	[done]
	build successfully !

[2022-02-16 14:56:48]	[done]
	build successfully !

[2022-02-16 15:00:44]	[done]
	build successfully !

[2022-02-16 15:04:12]	[done]
	build successfully !

[2022-02-16 15:04:40]	[done]
	build successfully !

[2022-02-16 15:06:05]	[done]
	build successfully !

[2022-02-16 15:08:16]	[done]
	build successfully !

[2022-02-16 15:08:30]	[done]
	build successfully !

[2022-02-16 15:09:08]	[done]
	build successfully !

[2022-02-16 15:10:16]	[done]
	build successfully !

[2022-02-16 15:10:37]	[done]
	build successfully !

[2022-02-16 15:10:53]	[done]
	build successfully !

[2022-02-16 15:12:44]	[done]
	build successfully !

[2022-02-16 15:14:41]	[done]
	build successfully !

[2022-02-16 15:15:28]	[done]
	build successfully !

[2022-02-16 15:15:45]	[done]
	build successfully !

[2022-02-16 15:16:06]	[done]
	build successfully !

[2022-02-16 15:16:35]	[done]
	build successfully !

[2022-02-16 15:19:02]	[done]
	build successfully !

[2022-02-16 15:19:13]	[done]
	build successfully !

[2022-02-16 15:26:15]	[done]
	build successfully !

[2022-02-16 15:26:32]	[done]
	build successfully !

[2022-02-16 15:26:54]	[done]
	build successfully !

[2022-02-16 15:27:27]	[done]
	build successfully !

[2022-02-16 15:27:39]	[done]
	build successfully !

[2022-02-16 15:28:27]	[done]
	build successfully !

[2022-02-16 15:32:47]	[done]
	build successfully !

[2022-02-16 15:34:34]	[done]
	build successfully !

[2022-02-16 15:34:51]	[done]
	build successfully !

[2022-02-16 15:35:22]	[done]
	build successfully !

[2022-02-16 15:36:22]	[done]
	build successfully !

[2022-02-16 15:37:29]	[done]
	build successfully !

[2022-02-16 15:37:52]	[done]
	build successfully !

[2022-02-16 15:38:27]	[done]
	build successfully !

[2022-02-16 15:38:54]	[done]
	build successfully !

[2022-02-16 15:39:32]	[done]
	build successfully !

[2022-02-16 15:40:07]	[done]
	build successfully !

[2022-02-16 15:41:30]	[done]
	build successfully !

[2022-02-16 15:42:09]	[done]
	build successfully !

[2022-02-16 15:49:22]	link failed !, exit code: 1
  at unify_builder.Program.Main (System.String[] args) [0x01a1e] in <67d11e1b30504dd6babd321425698ba1>:0 
---
Memory region         Used Size  Region Size  %age Used
           flash:       48780 B        32 KB    148.86%
e:/program files (x86)/xpack-riscv-none-embed-gcc-8.3.0-2.3/bin/../lib/gcc/riscv-none-embed/8.3.0/../../../../riscv-none-embed/bin/ld.exe: ./build/Debug/src/main.o: in function `main':
h:\AllProject\EIDE\ritter mcu/./src/main.c:16: multiple definition of `main'; ./build/Debug/src/coremark/core_main.o:h:\AllProject\EIDE\ritter mcu/./src/coremark/core_main.c:85: first defined here
e:/program files (x86)/xpack-riscv-none-embed-gcc-8.3.0-2.3/bin/../lib/gcc/riscv-none-embed/8.3.0/../../../../riscv-none-embed/bin/ld.exe: ./build/Debug/tinymcu.elf section `.text' will not fit in region `flash'
e:/program files (x86)/xpack-riscv-none-embed-gcc-8.3.0-2.3/bin/../lib/gcc/riscv-none-embed/8.3.0/../../../../riscv-none-embed/bin/ld.exe: region `flash' overflowed by 16012 bytes
collect2.exe: error: ld returned 1 exit status
             ram:         32 KB        32 KB    100.00%


[2022-02-16 15:49:50]	link failed !, exit code: 1
  at unify_builder.Program.Main (System.String[] args) [0x01a1e] in <67d11e1b30504dd6babd321425698ba1>:0 
---
e:/program files (x86)/xpack-riscv-none-embed-gcc-8.3.0-2.3/bin/../lib/gcc/riscv-none-embed/8.3.0/../../../../riscv-none-embed/bin/ld.exe: ./build/Debug/tinymcu.elf section `.text' will not fit in region `flash'
Memory region         Used Size  Region Size  %age Used
           flash:       45460 B        32 KB    138.73%
e:/program files (x86)/xpack-riscv-none-embed-gcc-8.3.0-2.3/bin/../lib/gcc/riscv-none-embed/8.3.0/../../../../riscv-none-embed/bin/ld.exe: region `flash' overflowed by 12692 bytes
collect2.exe: error: ld returned 1 exit status
             ram:         32 KB        32 KB    100.00%


[2022-02-16 15:50:06]	link failed !, exit code: 1
  at unify_builder.Program.Main (System.String[] args) [0x01a1e] in <67d11e1b30504dd6babd321425698ba1>:0 
---
Memory region         Used Size  Region Size  %age Used
           flash:       41456 B        32 KB    126.51%
e:/program files (x86)/xpack-riscv-none-embed-gcc-8.3.0-2.3/bin/../lib/gcc/riscv-none-embed/8.3.0/../../../../riscv-none-embed/bin/ld.exe: ./build/Debug/tinymcu.elf section `.text' will not fit in region `flash'
e:/program files (x86)/xpack-riscv-none-embed-gcc-8.3.0-2.3/bin/../lib/gcc/riscv-none-embed/8.3.0/../../../../riscv-none-embed/bin/ld.exe: region `flash' overflowed by 8688 bytes
collect2.exe: error: ld returned 1 exit status
             ram:         32 KB        32 KB    100.00%


[2022-02-16 15:50:20]	link failed !, exit code: 1
  at unify_builder.Program.Main (System.String[] args) [0x01a1e] in <67d11e1b30504dd6babd321425698ba1>:0 
---
Memory region         Used Size  Region Size  %age Used
           flash:       45460 B        32 KB    138.73%
e:/program files (x86)/xpack-riscv-none-embed-gcc-8.3.0-2.3/bin/../lib/gcc/riscv-none-embed/8.3.0/../../../../riscv-none-embed/bin/ld.exe: ./build/Debug/tinymcu.elf section `.text' will not fit in region `flash'
e:/program files (x86)/xpack-riscv-none-embed-gcc-8.3.0-2.3/bin/../lib/gcc/riscv-none-embed/8.3.0/../../../../riscv-none-embed/bin/ld.exe: region `flash' overflowed by 12692 bytes
collect2.exe: error: ld returned 1 exit status
             ram:         32 KB        32 KB    100.00%


[2022-02-16 15:52:18]	[done]
	build successfully !

[2022-02-16 16:00:42]	[done]
	build successfully !

[2022-02-16 16:03:19]	[done]
	build successfully !

[2022-02-16 16:06:58]	[done]
	build successfully !

[2022-02-16 16:07:19]	[done]
	build successfully !

[2022-02-16 16:19:42]	[done]
	build successfully !

[2022-02-16 16:29:25]	[done]
	build successfully !

[2022-02-16 16:30:15]	[done]
	build successfully !

[2022-02-16 16:34:51]	[done]
	build successfully !

[2022-02-16 16:38:33]	[done]
	build successfully !

[2022-02-16 16:41:37]	[done]
	build successfully !

[2022-02-16 16:42:33]	[done]
	build successfully !

[2022-02-16 16:45:13]	[done]
	build successfully !

[2022-02-16 16:47:57]	[done]
	build successfully !

[2022-02-16 17:00:41]	[done]
	build successfully !

[2022-02-16 17:02:01]	[done]
	build successfully !

[2022-02-16 17:02:39]	[done]
	build successfully !

[2022-02-16 17:06:48]	[done]
	build successfully !

[2022-02-16 17:12:41]	[done]
	build successfully !

[2022-02-16 17:16:42]	[done]
	build successfully !

[2022-02-16 17:17:18]	[done]
	build successfully !

[2022-02-16 17:18:13]	[done]
	build successfully !

[2022-02-16 17:27:18]	[done]
	build successfully !

[2022-02-16 17:27:37]	[done]
	build successfully !

[2022-02-16 17:28:53]	[done]
	build successfully !

[2022-02-16 18:08:09]	[done]
	build successfully !

[2022-02-22 21:42:02]	[done]
	build successfully !

[2022-02-22 21:55:20]	[done]
	build successfully !

[2022-02-22 21:57:08]	[done]
	build successfully !

[2022-02-22 21:58:44]	[done]
	build successfully !

[2022-02-22 22:00:16]	Not found any source files !, please add some source files !
  at unify_builder.Program.Main (System.String[] args) [0x015ad] in <67d11e1b30504dd6babd321425698ba1>:0 

[2022-02-22 22:00:42]	compilation failed at : "h:\AllProject\EIDE\ritter mcu\src\coremark\core_portme.c", exit code: 1
  at unify_builder.Program.Main (System.String[] args) [0x0187a] in <67d11e1b30504dd6babd321425698ba1>:0 
---
./src/coremark/core_portme.c:6:10: fatal error: timer.h: No such file or directory
 #include "timer.h"
          ^~~~~~~~~
compilation terminated.

[2022-02-22 22:00:51]	link failed !, exit code: 1
  at unify_builder.Program.Main (System.String[] args) [0x01a1e] in <67d11e1b30504dd6babd321425698ba1>:0 
---
e:/program files (x86)/xpack-riscv-none-embed-gcc-8.3.0-2.3/bin/../lib/gcc/riscv-none-embed/8.3.0/../../../../riscv-none-embed/bin/ld.exe: e:/program files (x86)/xpack-riscv-none-embed-gcc-8.3.0-2.3/bin/../lib/gcc/riscv-none-embed/8.3.0/../../../../riscv-none-embed/lib/rv32im/ilp32\libnosys.a(sbrk.o): in function `.L0 ':
sbrk.c:(.text._sbrk+0x24): undefined reference to `end'
collect2.exe: error: ld returned 1 exit status
Memory region         Used Size  Region Size  %age Used


[2022-02-22 22:01:29]	link failed !, exit code: 1
  at unify_builder.Program.Main (System.String[] args) [0x01a1e] in <67d11e1b30504dd6babd321425698ba1>:0 
---
e:/program files (x86)/xpack-riscv-none-embed-gcc-8.3.0-2.3/bin/../lib/gcc/riscv-none-embed/8.3.0/../../../../riscv-none-embed/bin/ld.exe: e:/program files (x86)/xpack-riscv-none-embed-gcc-8.3.0-2.3/bin/../lib/gcc/riscv-none-embed/8.3.0/../../../../riscv-none-embed/lib/rv32im/ilp32\libnosys.a(sbrk.o): in function `.L0 ':
sbrk.c:(.text._sbrk+0x24): undefined reference to `end'
collect2.exe: error: ld returned 1 exit status
Memory region         Used Size  Region Size  %age Used


[2022-02-22 22:01:47]	[done]
	build successfully !

[2022-02-22 22:07:50]	[done]
	build successfully !

[2022-02-22 22:08:49]	[done]
	build successfully !

[2022-02-22 22:20:33]	[done]
	build successfully !

[2022-02-22 22:24:52]	[done]
	build successfully !

[2022-02-22 22:30:28]	[done]
	build successfully !

[2022-02-22 23:57:04]	Not found any source files !, please add some source files !
  at unify_builder.Program.Main (System.String[] args) [0x015ad] in <67d11e1b30504dd6babd321425698ba1>:0 

[2022-02-22 23:57:15]	link failed !, exit code: 1
  at unify_builder.Program.Main (System.String[] args) [0x01a1e] in <67d11e1b30504dd6babd321425698ba1>:0 
---
e:/program files (x86)/xpack-riscv-none-embed-gcc-8.3.0-2.3/bin/../lib/gcc/riscv-none-embed/8.3.0/../../../../riscv-none-embed/bin/ld.exe: e:/program files (x86)/xpack-riscv-none-embed-gcc-8.3.0-2.3/bin/../lib/gcc/riscv-none-embed/8.3.0/../../../../riscv-none-embed/lib/rv32im/ilp32\libnosys.a(sbrk.o): in function `.L0 ':
sbrk.c:(.text._sbrk+0x24): undefined reference to `end'
collect2.exe: error: ld returned 1 exit status
Memory region         Used Size  Region Size  %age Used


[2022-02-22 23:57:30]	link failed !, exit code: 1
  at unify_builder.Program.Main (System.String[] args) [0x01a1e] in <67d11e1b30504dd6babd321425698ba1>:0 
---
e:/program files (x86)/xpack-riscv-none-embed-gcc-8.3.0-2.3/bin/../lib/gcc/riscv-none-embed/8.3.0/../../../../riscv-none-embed/bin/ld.exe: e:/program files (x86)/xpack-riscv-none-embed-gcc-8.3.0-2.3/bin/../lib/gcc/riscv-none-embed/8.3.0/../../../../riscv-none-embed/lib/rv32im/ilp32\libnosys.a(sbrk.o): in function `.L0 ':
sbrk.c:(.text._sbrk+0x24): undefined reference to `end'
collect2.exe: error: ld returned 1 exit status
Memory region         Used Size  Region Size  %age Used


[2022-02-22 23:57:43]	[done]
	build successfully !

[2022-02-23 00:08:33]	[done]
	build successfully !

[2022-02-23 00:09:43]	[done]
	build successfully !

[2022-02-23 00:11:30]	[done]
	build successfully !

[2022-02-23 00:12:16]	Not found any source files !, please add some source files !
  at unify_builder.Program.Main (System.String[] args) [0x015ad] in <67d11e1b30504dd6babd321425698ba1>:0 

[2022-02-23 00:12:52]	[done]
	build successfully !

[2022-02-23 15:01:51]	link failed !, exit code: 1
  at unify_builder.Program.Main (System.String[] args) [0x01a1e] in <67d11e1b30504dd6babd321425698ba1>:0 
---
Memory region         Used Size  Region Size  %age Used
e:/program files (x86)/xpack-riscv-none-embed-gcc-8.3.0-2.3/bin/../lib/gcc/riscv-none-embed/8.3.0/../../../../riscv-none-embed/bin/ld.exe: e:/program files (x86)/xpack-riscv-none-embed-gcc-8.3.0-2.3/bin/../lib/gcc/riscv-none-embed/8.3.0/../../../../riscv-none-embed/lib/rv32im/ilp32\libnosys.a(sbrk.o): in function `.L0 ':
sbrk.c:(.text._sbrk+0x24): undefined reference to `end'
collect2.exe: error: ld returned 1 exit status


[2022-02-23 15:02:24]	[done]
	build successfully !

[2022-02-23 15:06:22]	[done]
	build successfully !

[2022-02-23 15:07:57]	[done]
	build successfully !

[2022-02-23 15:10:13]	[done]
	build successfully !

[2022-02-23 15:10:58]	[done]
	build successfully !

[2022-02-23 15:13:04]	[done]
	build successfully !

[2022-02-23 15:22:26]	[done]
	build successfully !

[2022-02-23 16:08:45]	[done]
	build successfully !

[2022-02-23 16:13:24]	[done]
	build successfully !

[2022-02-23 16:13:29]	[done]
	build successfully !

[2022-02-23 16:15:11]	[done]
	build successfully !

[2022-02-23 16:16:43]	[done]
	build successfully !

[2022-02-23 16:17:51]	[done]
	build successfully !

[2022-02-23 16:18:32]	[done]
	build successfully !

[2022-02-23 16:20:28]	[done]
	build successfully !

[2022-02-23 16:21:02]	[done]
	build successfully !

[2022-02-23 16:22:09]	[done]
	build successfully !

[2022-02-23 16:22:56]	[done]
	build successfully !

[2022-02-23 16:23:37]	[done]
	build successfully !

[2022-02-23 16:24:03]	[done]
	build successfully !

[2022-02-23 16:25:57]	[done]
	build successfully !

[2022-02-23 16:26:45]	[done]
	build successfully !

[2022-02-23 16:26:54]	[done]
	build successfully !

[2022-02-23 16:28:50]	[done]
	build successfully !

[2022-02-23 16:41:23]	[done]
	build successfully !

[2022-02-23 16:44:24]	[done]
	build successfully !

[2022-02-23 16:45:25]	[done]
	build successfully !

[2022-02-23 16:46:00]	[done]
	build successfully !

[2022-02-23 16:54:33]	[done]
	build successfully !

[2022-02-23 16:55:18]	[done]
	build successfully !

[2022-02-23 16:55:46]	[done]
	build successfully !

[2022-02-23 16:56:30]	[done]
	build successfully !

[2022-02-23 16:56:56]	[done]
	build successfully !

[2022-02-23 16:57:54]	[done]
	build successfully !

[2022-02-23 16:59:08]	[done]
	build successfully !

[2022-02-23 17:05:07]	[done]
	build successfully !

[2022-02-23 17:14:00]	[done]
	build successfully !

[2022-02-23 17:14:07]	compilation failed at : "h:\AllProject\EIDE\ritter mcu\src\main\main.c", exit code: 1
  at unify_builder.Program.Main (System.String[] args) [0x0187a] in <67d11e1b30504dd6babd321425698ba1>:0 
---
./src/main/main.c: In function 'main':
./src/main/main.c:22:18: error: invalid operands to binary % (have 'double' and 'double')
     double c = a % b;
                  ^

[2022-02-23 17:14:11]	[done]
	build successfully !

[2022-02-23 19:47:23]	compilation failed at : "h:\AllProject\EIDE\ritter mcu\src\main\start.S", exit code: 1
  at unify_builder.Program.Main (System.String[] args) [0x0187a] in <67d11e1b30504dd6babd321425698ba1>:0 
---
./src/main/start.S: Assembler messages:
./src/main/start.S:45: Error: unrecognized opcode `custom-0 x1,x2,x3'

[2022-02-23 19:47:58]	compilation failed at : "h:\AllProject\EIDE\ritter mcu\src\main\start.S", exit code: 1
  at unify_builder.Program.Main (System.String[] args) [0x0187a] in <67d11e1b30504dd6babd321425698ba1>:0 
---
./src/main/start.S: Assembler messages:
./src/main/start.S:45: Error: unrecognized opcode `nmsub x1,x2,x3'

[2022-02-23 19:48:09]	compilation failed at : "h:\AllProject\EIDE\ritter mcu\src\main\start.S", exit code: 1
  at unify_builder.Program.Main (System.String[] args) [0x0187a] in <67d11e1b30504dd6babd321425698ba1>:0 
---
./src/main/start.S: Assembler messages:
./src/main/start.S:45: Error: unrecognized opcode `madd x1,x2,x3'

[2022-02-23 19:51:11]	[done]
	build successfully !

[2022-02-23 19:52:44]	[done]
	build successfully !

[2022-02-23 19:53:03]	[done]
	build successfully !

[2022-02-23 19:53:12]	[done]
	build successfully !

[2022-02-23 19:53:49]	[done]
	build successfully !

[2022-02-23 19:54:03]	[done]
	build successfully !

[2022-02-23 19:54:33]	[done]
	build successfully !

[2022-02-23 19:54:46]	[done]
	build successfully !

[2022-02-23 19:55:35]	[done]
	build successfully !

[2022-02-23 19:56:03]	[done]
	build successfully !

[2022-02-23 19:56:51]	[done]
	build successfully !

[2022-02-23 19:57:54]	[done]
	build successfully !

[2022-02-23 19:58:23]	[done]
	build successfully !

[2022-02-23 20:01:01]	[done]
	build successfully !

[2022-02-23 20:47:29]	[done]
	build successfully !

[2022-02-23 21:07:19]	[done]
	build successfully !

[2022-02-23 21:07:42]	[done]
	build successfully !

[2022-02-23 21:11:17]	[done]
	build successfully !

[2022-02-23 21:34:57]	compilation failed at : "h:\AllProject\EIDE\ritter mcu\src\main\start.S", exit code: 1
  at unify_builder.Program.Main (System.String[] args) [0x0187a] in <67d11e1b30504dd6babd321425698ba1>:0 
---
./src/main/start.S: Assembler messages:
./src/main/start.S:17: Error: illegal operands `csrw 0x312,4.3'
./src/main/start.S:18: Error: illegal operands `csrw 0x313,2.1'

[2022-02-23 21:36:03]	compilation failed at : "h:\AllProject\EIDE\ritter mcu\src\main\start.S", exit code: 1
  at unify_builder.Program.Main (System.String[] args) [0x0187a] in <67d11e1b30504dd6babd321425698ba1>:0 
---
./src/main/start.S: Assembler messages:
./src/main/start.S:17: Error: Improper CSRxI immediate (1082759577)
./src/main/start.S:18: Error: Improper CSRxI immediate (1074161254)

[2022-02-23 21:39:46]	[done]
	build successfully !

[2022-02-23 21:40:01]	[done]
	build successfully !

[2022-02-23 21:42:52]	[done]
	build successfully !

[2022-02-23 21:57:25]	compilation failed at : "h:\AllProject\EIDE\ritter mcu\src\main\start.S", exit code: 1
  at unify_builder.Program.Main (System.String[] args) [0x0187a] in <67d11e1b30504dd6babd321425698ba1>:0 
---
./src/main/start.S: Assembler messages:
./src/main/start.S:16: Error: illegal operands `mv x30,rs1'
./src/main/start.S:17: Error: illegal operands `mv x31,rs2'
./src/main/start.S:22: Error: illegal operands `csrr rd,0x311'

[2022-02-23 21:57:45]	compilation failed at : "h:\AllProject\EIDE\ritter mcu\src\main\start.S", exit code: 1
  at unify_builder.Program.Main (System.String[] args) [0x0187a] in <67d11e1b30504dd6babd321425698ba1>:0 
---
./src/main/start.S:20:5: warning: backslash and newline separated by space
 nop \
./src/main/start.S: Assembler messages:
./src/main/start.S:29: Error: illegal operands `csrw 0x310,16+0x0 mv x30,0x40899999 mv x31,0x40066666 csrw 0x312,x30 csrw 0x313,x31 nop nop csrr x1,0x311'

[2022-02-23 21:58:10]	compilation failed at : "h:\AllProject\EIDE\ritter mcu\src\main\start.S", exit code: 1
  at unify_builder.Program.Main (System.String[] args) [0x0187a] in <67d11e1b30504dd6babd321425698ba1>:0 
---
./src/main/start.S:20:6: warning: backslash and newline separated by space
 nop; \
./src/main/start.S: Assembler messages:
./src/main/start.S:29: Error: illegal operands `mv x30,0x40899999'
./src/main/start.S:29: Error: illegal operands `mv x31,0x40066666'

[2022-02-23 21:58:37]	[done]
	build successfully !

[2022-02-23 21:59:46]	[done]
	build successfully !

[2022-02-24 23:09:07]	[done]
	build successfully !

[2022-02-24 23:09:50]	[done]
	build successfully !

[2022-02-24 23:10:12]	[done]
	build successfully !

[2022-02-24 23:15:37]	[done]
	build successfully !

[2022-02-24 23:16:59]	[done]
	build successfully !

[2022-02-24 23:17:55]	[done]
	build successfully !

[2022-02-24 23:18:16]	[done]
	build successfully !

[2022-02-24 23:19:51]	[done]
	build successfully !

[2022-02-24 23:20:16]	link failed !, exit code: 1
  at unify_builder.Program.Main (System.String[] args) [0x01a1e] in <67d11e1b30504dd6babd321425698ba1>:0 
---
e:/program files (x86)/xpack-riscv-none-embed-gcc-8.3.0-2.3/bin/../lib/gcc/riscv-none-embed/8.3.0/../../../../riscv-none-embed/bin/ld.exe: ./build/Debug/src/main/start.o: in function `.L0 ':
h:\AllProject\EIDE\ritter mcu/./src/main/start.S:65: undefined reference to `main'
collect2.exe: error: ld returned 1 exit status
Memory region         Used Size  Region Size  %age Used
           flash:       23728 B        64 KB     36.21%
             ram:         64 KB        64 KB    100.00%


[2022-02-24 23:20:24]	[done]
	build successfully !

[2022-02-24 23:28:04]	[done]
	build successfully !

[2022-02-24 23:28:15]	[done]
	build successfully !

[2022-02-24 23:29:00]	[done]
	build successfully !

[2022-02-24 23:29:59]	[done]
	build successfully !

[2022-02-24 23:43:57]	[done]
	build successfully !

[2022-02-24 23:44:18]	[done]
	build successfully !

[2022-02-24 23:51:00]	[done]
	build successfully !

[2022-02-24 23:53:52]	[done]
	build successfully !

[2022-02-24 23:58:13]	link failed !, exit code: 1
  at unify_builder.Program.Main (System.String[] args) [0x01a1e] in <67d11e1b30504dd6babd321425698ba1>:0 
---
e:/program files (x86)/xpack-riscv-none-embed-gcc-8.3.0-2.3/bin/../lib/gcc/riscv-none-embed/8.3.0/../../../../riscv-none-embed/bin/ld.exe: e:/program files (x86)/xpack-riscv-none-embed-gcc-8.3.0-2.3/bin/../lib/gcc/riscv-none-embed/8.3.0/../../../../riscv-none-embed/lib/rv32im/ilp32\libnosys.a(sbrk.o): in function `.L0 ':
sbrk.c:(.text._sbrk+0x24): undefined reference to `end'
collect2.exe: error: ld returned 1 exit status
Memory region         Used Size  Region Size  %age Used


[2022-02-24 23:58:29]	[done]
	build successfully !

[2022-02-24 23:59:49]	[done]
	build successfully !

[2022-02-25 00:00:04]	[done]
	build successfully !

[2022-02-25 00:23:30]	[done]
	build successfully !

[2022-02-25 00:24:14]	[done]
	build successfully !

[2022-02-25 00:25:15]	[done]
	build successfully !

[2022-02-25 00:26:19]	[done]
	build successfully !

[2022-02-25 00:26:45]	[done]
	build successfully !

[2022-02-25 00:27:10]	[done]
	build successfully !

[2022-02-25 00:27:48]	[done]
	build successfully !

[2022-02-25 00:28:17]	[done]
	build successfully !

[2022-02-25 00:29:12]	[done]
	build successfully !

[2022-02-25 00:38:17]	[done]
	build successfully !

[2022-02-25 00:38:56]	[done]
	build successfully !

[2022-02-25 00:40:55]	[done]
	build successfully !

[2022-02-25 00:43:14]	compilation failed at : "h:\AllProject\EIDE\ritter mcu\src\main\src\sys.c", exit code: 1
  at unify_builder.Program.Main (System.String[] args) [0x0187a] in <67d11e1b30504dd6babd321425698ba1>:0 
---
./src/main/src/sys.c: In function '__addsf3':
./src/main/src/sys.c:17:1: warning: control reaches end of non-void function [-Wreturn-type]
 }
 ^
./src/main/src/sys.c: Assembler messages:
./src/main/src/sys.c:12: Error: unknown CSR `fctrl'
./src/main/src/sys.c:12: Error: unknown CSR `fctrl'
./src/main/src/sys.c:13: Error: unknown CSR `fop1'
./src/main/src/sys.c:14: Error: unknown CSR `fop2'
./src/main/src/sys.c:16: Error: unknown CSR `facc'

[2022-02-25 00:43:45]	[done]
	build successfully !

[2022-02-25 00:44:06]	[done]
	build successfully !

[2022-02-25 00:45:04]	[done]
	build successfully !

[2022-02-25 00:46:10]	[done]
	build successfully !

[2022-02-25 00:46:18]	[done]
	build successfully !

[2022-02-25 00:47:55]	[done]
	build successfully !

[2022-02-25 00:48:16]	[done]
	build successfully !

[2022-02-25 00:49:40]	[done]
	build successfully !

[2022-02-25 00:51:02]	compilation failed at : "h:\AllProject\EIDE\ritter mcu\src\main\main.c", exit code: 1
  at unify_builder.Program.Main (System.String[] args) [0x0187a] in <67d11e1b30504dd6babd321425698ba1>:0 
---
./src/main/main.c: In function 'main':
./src/main/main.c:14:11: error: redefinition of 'c'
     float c = a - b;
           ^
./src/main/main.c:12:11: note: previous definition of 'c' was here
     float c = a + b;
           ^
./src/main/main.c:16:11: error: redefinition of 'c'
     float c = a * b;
           ^
./src/main/main.c:14:11: note: previous definition of 'c' was here
     float c = a - b;
           ^

[2022-02-25 00:51:09]	[done]
	build successfully !

[2022-02-25 00:51:31]	[done]
	build successfully !

[2022-02-25 00:53:40]	[done]
	build successfully !

[2022-02-25 01:02:48]	[done]
	build successfully !

[2022-02-25 01:07:38]	[done]
	build successfully !

[2022-02-25 01:07:52]	[done]
	build successfully !

[2022-02-25 01:09:12]	[done]
	build successfully !

[2022-02-25 01:11:30]	[done]
	build successfully !

[2022-02-25 01:16:10]	[done]
	build successfully !

[2022-02-25 01:23:08]	[done]
	build successfully !

[2022-02-25 01:28:54]	[done]
	build successfully !

[2022-02-25 01:29:50]	[done]
	build successfully !

[2022-02-25 01:30:12]	[done]
	build successfully !

[2022-02-25 01:33:51]	[done]
	build successfully !

[2022-02-25 01:38:41]	[done]
	build successfully !

[2022-02-25 01:44:25]	[done]
	build successfully !

[2022-02-25 01:46:03]	[done]
	build successfully !

[2022-02-25 01:47:13]	[done]
	build successfully !

[2022-03-05 15:56:08]	[done]
	build successfully !

[2022-03-05 15:58:07]	link failed !, exit code: 1
  at unify_builder.Program.Main (System.String[] args) [0x01a1e] in <67d11e1b30504dd6babd321425698ba1>:0 
---
e:/program files (x86)/xpack-riscv-none-embed-gcc-8.3.0-2.3/bin/../lib/gcc/riscv-none-embed/8.3.0/../../../../riscv-none-embed/bin/ld.exe: e:/program files (x86)/xpack-riscv-none-embed-gcc-8.3.0-2.3/bin/../lib/gcc/riscv-none-embed/8.3.0/../../../../riscv-none-embed/lib/rv32im/ilp32\libnosys.a(sbrk.o): in function `.L0 ':
sbrk.c:(.text._sbrk+0x24): undefined reference to `end'
collect2.exe: error: ld returned 1 exit status
Memory region         Used Size  Region Size  %age Used


[2022-03-05 15:58:23]	[done]
	build successfully !

[2022-03-05 15:59:00]	[done]
	build successfully !

[2022-03-05 16:08:12]	[done]
	build successfully !

[2022-03-05 16:09:01]	[done]
	build successfully !

[2022-03-05 16:11:42]	[done]
	build successfully !

[2022-03-05 16:13:06]	compilation failed at : "h:\AllProject\EIDE\ritter mcu\src\main\start.S", exit code: 1
  at unify_builder.Program.Main (System.String[] args) [0x0187a] in <67d11e1b30504dd6babd321425698ba1>:0 
---
./src/main/start.S: Assembler messages:
./src/main/start.S:15: Error: illegal operands `j ra,_start'

[2022-03-05 16:13:10]	[done]
	build successfully !

[2022-03-05 17:09:32]	[done]
	build successfully !

[2022-03-05 17:09:37]	[done]
	build successfully !

[2022-03-05 17:10:08]	[done]
	build successfully !

[2022-03-05 17:41:17]	link failed !, exit code: 1
  at unify_builder.Program.Main (System.String[] args) [0x01a1e] in <67d11e1b30504dd6babd321425698ba1>:0 
---
./build/Debug/src/main/start.o: in function `.L0 ':
Memory region         Used Size  Region Size  %age Used
h:\AllProject\EIDE\ritter mcu/./src/main/start.S:11:(.init+0x4): relocation truncated to fit: R_RISCV_JAL against `*UND*'
collect2.exe: error: ld returned 1 exit status


[2022-03-05 17:41:25]	[done]
	build successfully !

[2022-03-05 17:42:23]	[done]
	build successfully !

[2022-03-05 17:43:07]	[done]
	build successfully !

[2022-03-05 18:42:55]	[done]
	build successfully !

[2022-03-05 18:45:30]	[done]
	build successfully !

[2022-03-05 18:53:32]	[done]
	build successfully !

[2022-03-05 18:54:58]	[done]
	build successfully !

[2022-03-05 19:11:53]	[done]
	build successfully !

[2022-03-05 19:14:33]	[done]
	build successfully !

[2022-03-05 19:19:06]	[done]
	build successfully !

[2022-03-05 19:19:55]	link failed !, exit code: 1
  at unify_builder.Program.Main (System.String[] args) [0x01a1e] in <67d11e1b30504dd6babd321425698ba1>:0 
---
e:/program files (x86)/xpack-riscv-none-embed-gcc-8.3.0-2.3/bin/../lib/gcc/riscv-none-embed/8.3.0/../../../../riscv-none-embed/bin/ld.exe: e:/program files (x86)/xpack-riscv-none-embed-gcc-8.3.0-2.3/bin/../lib/gcc/riscv-none-embed/8.3.0/../../../../riscv-none-embed/lib/rv32i/ilp32\libnosys.a(sbrk.o): in function `.L0 ':
sbrk.c:(.text._sbrk+0x24): undefined reference to `end'
collect2.exe: error: ld returned 1 exit status
Memory region         Used Size  Region Size  %age Used


[2022-03-05 19:20:35]	[done]
	build successfully !

[2022-03-05 19:27:12]	[done]
	build successfully !

[2022-03-05 19:27:22]	[done]
	build successfully !

[2022-03-05 19:27:33]	[done]
	build successfully !

[2022-03-05 21:40:08]	[done]
	build successfully !

[2022-03-05 21:45:12]	[done]
	build successfully !

[2022-03-05 21:45:36]	[done]
	build successfully !

[2022-03-05 21:46:19]	[done]
	build successfully !

[2022-03-05 21:47:15]	[done]
	build successfully !

[2022-03-05 21:48:27]	[done]
	build successfully !

[2022-03-05 21:50:13]	[done]
	build successfully !

[2022-03-05 21:52:16]	[done]
	build successfully !

[2022-03-05 21:52:40]	[done]
	build successfully !

[2022-03-05 21:52:59]	[done]
	build successfully !

[2022-03-05 21:53:36]	[done]
	build successfully !

[2022-03-05 21:53:53]	[done]
	build successfully !

[2022-03-05 21:54:22]	[done]
	build successfully !

[2022-03-05 21:54:41]	[done]
	build successfully !

[2022-03-05 21:55:06]	[done]
	build successfully !

[2022-03-05 21:55:31]	[done]
	build successfully !

[2022-03-05 21:56:20]	[done]
	build successfully !

[2022-03-05 21:57:51]	[done]
	build successfully !

[2022-03-05 21:59:51]	[done]
	build successfully !

[2022-03-05 22:13:15]	[done]
	build successfully !

[2022-03-05 22:13:44]	[done]
	build successfully !

[2022-03-05 22:14:15]	[done]
	build successfully !

[2022-03-05 22:14:50]	[done]
	build successfully !

[2022-03-05 22:15:12]	[done]
	build successfully !

[2022-03-05 22:15:36]	[done]
	build successfully !

[2022-03-05 22:16:22]	[done]
	build successfully !

[2022-03-05 22:16:39]	[done]
	build successfully !

[2022-03-05 22:16:58]	[done]
	build successfully !

[2022-03-05 22:17:25]	[done]
	build successfully !

[2022-03-05 22:17:52]	[done]
	build successfully !

[2022-03-05 22:20:07]	[done]
	build successfully !

[2022-03-05 22:22:10]	[done]
	build successfully !

[2022-03-05 22:29:42]	[done]
	build successfully !

[2022-03-05 22:30:09]	[done]
	build successfully !

[2022-03-05 22:33:16]	[done]
	build successfully !

[2022-03-05 22:34:09]	[done]
	build successfully !

[2022-03-05 22:35:52]	[done]
	build successfully !

[2022-03-05 22:36:46]	[done]
	build successfully !

[2022-03-05 22:37:15]	[done]
	build successfully !

[2022-03-05 22:40:40]	[done]
	build successfully !

[2022-03-05 22:41:29]	[done]
	build successfully !

[2022-03-05 22:41:51]	[done]
	build successfully !

[2022-03-05 22:42:08]	[done]
	build successfully !

[2022-03-05 22:42:39]	[done]
	build successfully !

[2022-03-05 22:43:14]	[done]
	build successfully !

[2022-03-06 13:24:30]	[done]
	build successfully !

[2022-03-06 13:48:37]	[done]
	build successfully !

[2022-03-06 13:49:21]	[done]
	build successfully !

[2022-03-06 14:24:55]	[done]
	build successfully !

[2022-03-06 14:25:13]	[done]
	build successfully !

[2022-03-06 14:46:20]	[done]
	build successfully !

[2022-03-06 14:48:58]	[done]
	build successfully !

[2022-03-06 14:50:05]	[done]
	build successfully !

[2022-03-06 14:51:15]	[done]
	build successfully !

[2022-03-06 14:51:44]	[done]
	build successfully !

[2022-03-06 14:53:08]	[done]
	build successfully !

[2022-03-06 14:53:35]	[done]
	build successfully !

[2022-03-06 15:03:16]	[done]
	build successfully !

[2022-03-06 15:08:05]	[done]
	build successfully !

[2022-03-06 15:09:04]	[done]
	build successfully !

[2022-03-06 15:09:49]	[done]
	build successfully !

[2022-03-06 15:11:16]	[done]
	build successfully !

